{
  "numFailedTestSuites": 6,
  "numFailedTests": 8,
  "numPassedTestSuites": 23,
  "numPassedTests": 51,
  "numPendingTestSuites": 0,
  "numPendingTests": 0,
  "numRuntimeErrorTestSuites": 2,
  "numTodoTests": 0,
  "numTotalTestSuites": 29,
  "numTotalTests": 59,
  "openHandles": [],
  "snapshot": {
    "added": 0,
    "didUpdate": false,
    "failure": false,
    "filesAdded": 0,
    "filesRemoved": 0,
    "filesRemovedList": [],
    "filesUnmatched": 0,
    "filesUpdated": 0,
    "matched": 0,
    "total": 0,
    "unchecked": 0,
    "uncheckedKeysByFile": [],
    "unmatched": 0,
    "updated": 0
  },
  "startTime": 1712936813326,
  "success": false,
  "testResults": [
    {
      "leaks": false,
      "numFailingTests": 0,
      "numPassingTests": 1,
      "numPendingTests": 0,
      "numTodoTests": 0,
      "openHandles": [],
      "perfStats": {
        "end": 1712936817531,
        "runtime": 3605,
        "slow": false,
        "start": 1712936813926
      },
      "skipped": false,
      "snapshot": {
        "added": 0,
        "fileDeleted": false,
        "matched": 0,
        "unchecked": 0,
        "uncheckedKeys": [],
        "unmatched": 0,
        "updated": 0
      },
      "testFilePath": "C:\\codegr\\lazies\\src\\test\\seq\\toMap.test.ts",
      "testResults": [
        {
          "ancestorTitles": [],
          "duration": 52,
          "failureDetails": [],
          "failureMessages": [],
          "fullName": "should work correctly",
          "invocations": 1,
          "location": null,
          "numPassingAsserts": 0,
          "retryReasons": [],
          "status": "passed",
          "title": "should work correctly"
        }
      ],
      "failureMessage": null
    },
    {
      "leaks": false,
      "numFailingTests": 0,
      "numPassingTests": 1,
      "numPendingTests": 0,
      "numTodoTests": 0,
      "openHandles": [],
      "perfStats": {
        "end": 1712936817709,
        "runtime": 120,
        "slow": false,
        "start": 1712936817589
      },
      "skipped": false,
      "snapshot": {
        "added": 0,
        "fileDeleted": false,
        "matched": 0,
        "unchecked": 0,
        "uncheckedKeys": [],
        "unmatched": 0,
        "updated": 0
      },
      "testFilePath": "C:\\codegr\\lazies\\src\\test\\seq\\takeWhile.test.ts",
      "testResults": [
        {
          "ancestorTitles": [],
          "duration": 2,
          "failureDetails": [],
          "failureMessages": [],
          "fullName": "should work correctly",
          "invocations": 1,
          "location": null,
          "numPassingAsserts": 0,
          "retryReasons": [],
          "status": "passed",
          "title": "should work correctly"
        }
      ],
      "failureMessage": null
    },
    {
      "leaks": false,
      "numFailingTests": 1,
      "numPassingTests": 1,
      "numPendingTests": 0,
      "numTodoTests": 0,
      "openHandles": [],
      "perfStats": {
        "end": 1712936817708,
        "runtime": 3860,
        "slow": false,
        "start": 1712936813848
      },
      "skipped": false,
      "snapshot": {
        "added": 0,
        "fileDeleted": false,
        "matched": 0,
        "unchecked": 0,
        "uncheckedKeys": [],
        "unmatched": 0,
        "updated": 0
      },
      "testFilePath": "C:\\codegr\\lazies\\src\\test\\seq\\do.test.ts",
      "testResults": [
        {
          "ancestorTitles": [],
          "duration": 23,
          "failureDetails": [],
          "failureMessages": [],
          "fullName": "nothing on empty",
          "invocations": 1,
          "location": null,
          "numPassingAsserts": 0,
          "retryReasons": [],
          "status": "passed",
          "title": "nothing on empty"
        },
        {
          "ancestorTitles": [],
          "duration": 1,
          "failureDetails": [
            {
              "message": "\u001b[0mExpected value \u001b[0m  \u001b[32m3\u001b[39m\n\u001b[0mReceived:\u001b[0m\n\u001b[0m\u001b[0m  \u001b[31m0\u001b[39m\u001b[0m\u001b[0m\n\u001b[0m\u001b[0m\n\u001b[0mMessage:\u001b[0m\n\u001b[0m  Expected both values to be deep equal\u001b[0m\n    at new \n    at NumberAssertion.toBeEqual (C:\\codegr\\lazies\\node_modules\\@assertive-ts\\core\\src\\lib\\Assertion.ts:334:19)\n    at Object.<anonymous> (C:\\codegr\\lazies\\src\\test\\seq\\do.test.ts:17:15)\n    at Promise.then.completed (C:\\codegr\\lazies\\node_modules\\jest-circus\\build\\utils.js:298:28)\n    at new Promise (<anonymous>)\n    at callAsyncCircusFn (C:\\codegr\\lazies\\node_modules\\jest-circus\\build\\utils.js:231:10)\n    at _callCircusTest (C:\\codegr\\lazies\\node_modules\\jest-circus\\build\\run.js:316:40)\n    at processTicksAndRejections (node:internal/process/task_queues:95:5)\n    at _runTest (C:\\codegr\\lazies\\node_modules\\jest-circus\\build\\run.js:252:3)\n    at _runTestsForDescribeBlock (C:\\codegr\\lazies\\node_modules\\jest-circus\\build\\run.js:126:9)\n    at run (C:\\codegr\\lazies\\node_modules\\jest-circus\\build\\run.js:71:3)\n    at runAndTransformResultsToJestFormat (C:\\codegr\\lazies\\node_modules\\jest-circus\\build\\legacy-code-todo-rewrite\\jestAdapterInit.js:122:21)\n    at jestAdapter (C:\\codegr\\lazies\\node_modules\\jest-circus\\build\\legacy-code-todo-rewrite\\jestAdapter.js:79:19)\n    at runTestInternal (C:\\codegr\\lazies\\node_modules\\jest-runner\\build\\runTest.js:367:16)\n    at runTest (C:\\codegr\\lazies\\node_modules\\jest-runner\\build\\runTest.js:444:34)\n    at Object.worker (C:\\codegr\\lazies\\node_modules\\jest-runner\\build\\testWorker.js:106:12)"
            }
          ],
          "failureMessages": [
            "\u001b[0mExpected value \u001b[0m  \u001b[32m3\u001b[39m\n\u001b[0mReceived:\u001b[0m\n\u001b[0m\u001b[0m  \u001b[31m0\u001b[39m\u001b[0m\u001b[0m\n\u001b[0m\u001b[0m\n\u001b[0mMessage:\u001b[0m\n\u001b[0m  Expected both values to be deep equal\u001b[0m\n    at new \n    at NumberAssertion.toBeEqual (C:\\codegr\\lazies\\node_modules\\@assertive-ts\\core\\src\\lib\\Assertion.ts:334:19)\n    at Object.<anonymous> (C:\\codegr\\lazies\\src\\test\\seq\\do.test.ts:17:15)\n    at Promise.then.completed (C:\\codegr\\lazies\\node_modules\\jest-circus\\build\\utils.js:298:28)\n    at new Promise (<anonymous>)\n    at callAsyncCircusFn (C:\\codegr\\lazies\\node_modules\\jest-circus\\build\\utils.js:231:10)\n    at _callCircusTest (C:\\codegr\\lazies\\node_modules\\jest-circus\\build\\run.js:316:40)\n    at processTicksAndRejections (node:internal/process/task_queues:95:5)\n    at _runTest (C:\\codegr\\lazies\\node_modules\\jest-circus\\build\\run.js:252:3)\n    at _runTestsForDescribeBlock (C:\\codegr\\lazies\\node_modules\\jest-circus\\build\\run.js:126:9)\n    at run (C:\\codegr\\lazies\\node_modules\\jest-circus\\build\\run.js:71:3)\n    at runAndTransformResultsToJestFormat (C:\\codegr\\lazies\\node_modules\\jest-circus\\build\\legacy-code-todo-rewrite\\jestAdapterInit.js:122:21)\n    at jestAdapter (C:\\codegr\\lazies\\node_modules\\jest-circus\\build\\legacy-code-todo-rewrite\\jestAdapter.js:79:19)\n    at runTestInternal (C:\\codegr\\lazies\\node_modules\\jest-runner\\build\\runTest.js:367:16)\n    at runTest (C:\\codegr\\lazies\\node_modules\\jest-runner\\build\\runTest.js:444:34)\n    at Object.worker (C:\\codegr\\lazies\\node_modules\\jest-runner\\build\\testWorker.js:106:12)"
          ],
          "fullName": "once per element",
          "invocations": 1,
          "location": null,
          "numPassingAsserts": 0,
          "retryReasons": [],
          "status": "failed",
          "title": "once per element"
        }
      ],
      "failureMessage": "\u001b[1m\u001b[31m  \u001b[1m● \u001b[22m\u001b[1monce per element\u001b[39m\u001b[22m\n\n    \u001b[0mExpected value \u001b[0m  \u001b[32m3\u001b[39m\n    \u001b[0mReceived:\u001b[0m\n    \u001b[0m\u001b[0m  \u001b[31m0\u001b[39m\u001b[0m\u001b[0m\n    \u001b[0m\u001b[0m\n    \u001b[0mMessage:\u001b[0m\n    \u001b[0m  Expected both values to be deep equal\u001b[0m\n        at new\n\u001b[2m\u001b[22m\n\u001b[2m    \u001b[0m \u001b[90m 15 |\u001b[39m         i\u001b[33m++\u001b[39m\u001b[33m;\u001b[39m\u001b[22m\n\u001b[2m     \u001b[90m 16 |\u001b[39m     })\u001b[33m;\u001b[39m\u001b[22m\n\u001b[2m    \u001b[31m\u001b[1m>\u001b[22m\u001b[2m\u001b[39m\u001b[90m 17 |\u001b[39m     expect(i)\u001b[33m.\u001b[39mtoBeEqual(\u001b[35m3\u001b[39m)\u001b[33m;\u001b[39m\u001b[22m\n\u001b[2m     \u001b[90m    |\u001b[39m               \u001b[31m\u001b[1m^\u001b[22m\u001b[2m\u001b[39m\u001b[22m\n\u001b[2m     \u001b[90m 18 |\u001b[39m })\u001b[33m;\u001b[39m\u001b[22m\n\u001b[2m     \u001b[90m 19 |\u001b[39m\u001b[0m\u001b[22m\n\u001b[2m\u001b[22m\n\u001b[2m      \u001b[2mat NumberAssertion.toBeEqual (\u001b[22m\u001b[2mnode_modules/@assertive-ts/core/src/lib/Assertion.ts\u001b[2m:334:19)\u001b[22m\u001b[2m\u001b[22m\n\u001b[2m      \u001b[2mat Object.<anonymous> (\u001b[22m\u001b[2m\u001b[0m\u001b[36msrc/test/seq/do.test.ts\u001b[39m\u001b[0m\u001b[2m:17:15)\u001b[22m\u001b[2m\u001b[22m\n"
    },
    {
      "leaks": false,
      "numFailingTests": 2,
      "numPassingTests": 1,
      "numPendingTests": 0,
      "numTodoTests": 0,
      "openHandles": [],
      "perfStats": {
        "end": 1712936817714,
        "runtime": 3866,
        "slow": false,
        "start": 1712936813848
      },
      "skipped": false,
      "snapshot": {
        "added": 0,
        "fileDeleted": false,
        "matched": 0,
        "unchecked": 0,
        "uncheckedKeys": [],
        "unmatched": 0,
        "updated": 0
      },
      "testFilePath": "C:\\codegr\\lazies\\src\\test\\seq\\at.test.ts",
      "testResults": [
        {
          "ancestorTitles": [],
          "duration": 53,
          "failureDetails": [],
          "failureMessages": [],
          "fullName": "get at 0",
          "invocations": 1,
          "location": null,
          "numPassingAsserts": 0,
          "retryReasons": [],
          "status": "passed",
          "title": "get at 0"
        },
        {
          "ancestorTitles": [],
          "duration": 3,
          "failureDetails": [
            {
              "message": "\u001b[0mExpected value \u001b[0m  \u001b[32mundefined\u001b[39m\n\u001b[0mReceived:\u001b[0m\n\u001b[0m\u001b[0m  \u001b[31mSymbol(NoThrow)\u001b[39m\u001b[0m\u001b[0m\n\u001b[0m\u001b[0m\n\u001b[0mMessage:\u001b[0m\n\u001b[0m  Expected the function to throw when called\u001b[0m\n\nDifference:\n\n  Comparing two different types of values. Expected \u001b[32mundefined\u001b[39m but received \u001b[31msymbol\u001b[39m.\n    at new \n    at FunctionAssertion.toThrowError (C:\\codegr\\lazies\\node_modules\\@assertive-ts\\core\\src\\lib\\FunctionAssertion.ts:103:13)\n    at Object.<anonymous> (C:\\codegr\\lazies\\src\\test\\seq\\at.test.ts:11:27)\n    at Promise.then.completed (C:\\codegr\\lazies\\node_modules\\jest-circus\\build\\utils.js:298:28)\n    at new Promise (<anonymous>)\n    at callAsyncCircusFn (C:\\codegr\\lazies\\node_modules\\jest-circus\\build\\utils.js:231:10)\n    at _callCircusTest (C:\\codegr\\lazies\\node_modules\\jest-circus\\build\\run.js:316:40)\n    at processTicksAndRejections (node:internal/process/task_queues:95:5)\n    at _runTest (C:\\codegr\\lazies\\node_modules\\jest-circus\\build\\run.js:252:3)\n    at _runTestsForDescribeBlock (C:\\codegr\\lazies\\node_modules\\jest-circus\\build\\run.js:126:9)\n    at run (C:\\codegr\\lazies\\node_modules\\jest-circus\\build\\run.js:71:3)\n    at runAndTransformResultsToJestFormat (C:\\codegr\\lazies\\node_modules\\jest-circus\\build\\legacy-code-todo-rewrite\\jestAdapterInit.js:122:21)\n    at jestAdapter (C:\\codegr\\lazies\\node_modules\\jest-circus\\build\\legacy-code-todo-rewrite\\jestAdapter.js:79:19)\n    at runTestInternal (C:\\codegr\\lazies\\node_modules\\jest-runner\\build\\runTest.js:367:16)\n    at runTest (C:\\codegr\\lazies\\node_modules\\jest-runner\\build\\runTest.js:444:34)\n    at Object.worker (C:\\codegr\\lazies\\node_modules\\jest-runner\\build\\testWorker.js:106:12)"
            }
          ],
          "failureMessages": [
            "\u001b[0mExpected value \u001b[0m  \u001b[32mundefined\u001b[39m\n\u001b[0mReceived:\u001b[0m\n\u001b[0m\u001b[0m  \u001b[31mSymbol(NoThrow)\u001b[39m\u001b[0m\u001b[0m\n\u001b[0m\u001b[0m\n\u001b[0mMessage:\u001b[0m\n\u001b[0m  Expected the function to throw when called\u001b[0m\n\nDifference:\n\n  Comparing two different types of values. Expected \u001b[32mundefined\u001b[39m but received \u001b[31msymbol\u001b[39m.\n    at new \n    at FunctionAssertion.toThrowError (C:\\codegr\\lazies\\node_modules\\@assertive-ts\\core\\src\\lib\\FunctionAssertion.ts:103:13)\n    at Object.<anonymous> (C:\\codegr\\lazies\\src\\test\\seq\\at.test.ts:11:27)\n    at Promise.then.completed (C:\\codegr\\lazies\\node_modules\\jest-circus\\build\\utils.js:298:28)\n    at new Promise (<anonymous>)\n    at callAsyncCircusFn (C:\\codegr\\lazies\\node_modules\\jest-circus\\build\\utils.js:231:10)\n    at _callCircusTest (C:\\codegr\\lazies\\node_modules\\jest-circus\\build\\run.js:316:40)\n    at processTicksAndRejections (node:internal/process/task_queues:95:5)\n    at _runTest (C:\\codegr\\lazies\\node_modules\\jest-circus\\build\\run.js:252:3)\n    at _runTestsForDescribeBlock (C:\\codegr\\lazies\\node_modules\\jest-circus\\build\\run.js:126:9)\n    at run (C:\\codegr\\lazies\\node_modules\\jest-circus\\build\\run.js:71:3)\n    at runAndTransformResultsToJestFormat (C:\\codegr\\lazies\\node_modules\\jest-circus\\build\\legacy-code-todo-rewrite\\jestAdapterInit.js:122:21)\n    at jestAdapter (C:\\codegr\\lazies\\node_modules\\jest-circus\\build\\legacy-code-todo-rewrite\\jestAdapter.js:79:19)\n    at runTestInternal (C:\\codegr\\lazies\\node_modules\\jest-runner\\build\\runTest.js:367:16)\n    at runTest (C:\\codegr\\lazies\\node_modules\\jest-runner\\build\\runTest.js:444:34)\n    at Object.worker (C:\\codegr\\lazies\\node_modules\\jest-runner\\build\\testWorker.js:106:12)"
          ],
          "fullName": "get at missing index is range error",
          "invocations": 1,
          "location": null,
          "numPassingAsserts": 0,
          "retryReasons": [],
          "status": "failed",
          "title": "get at missing index is range error"
        },
        {
          "ancestorTitles": [],
          "duration": 1,
          "failureDetails": [
            {
              "message": "\u001b[0mExpected value \u001b[0m  \u001b[32m3\u001b[39m\n\u001b[0mReceived:\u001b[0m\n\u001b[0m\u001b[0m  \u001b[31m1\u001b[39m\u001b[0m\u001b[0m\n\u001b[0m\u001b[0m\n\u001b[0mMessage:\u001b[0m\n\u001b[0m  Expected both values to be deep equal\u001b[0m\n    at new \n    at NumberAssertion.toBeEqual (C:\\codegr\\lazies\\node_modules\\@assertive-ts\\core\\src\\lib\\Assertion.ts:334:19)\n    at Object.<anonymous> (C:\\codegr\\lazies\\src\\test\\seq\\at.test.ts:16:29)\n    at Promise.then.completed (C:\\codegr\\lazies\\node_modules\\jest-circus\\build\\utils.js:298:28)\n    at new Promise (<anonymous>)\n    at callAsyncCircusFn (C:\\codegr\\lazies\\node_modules\\jest-circus\\build\\utils.js:231:10)\n    at _callCircusTest (C:\\codegr\\lazies\\node_modules\\jest-circus\\build\\run.js:316:40)\n    at processTicksAndRejections (node:internal/process/task_queues:95:5)\n    at _runTest (C:\\codegr\\lazies\\node_modules\\jest-circus\\build\\run.js:252:3)\n    at _runTestsForDescribeBlock (C:\\codegr\\lazies\\node_modules\\jest-circus\\build\\run.js:126:9)\n    at run (C:\\codegr\\lazies\\node_modules\\jest-circus\\build\\run.js:71:3)\n    at runAndTransformResultsToJestFormat (C:\\codegr\\lazies\\node_modules\\jest-circus\\build\\legacy-code-todo-rewrite\\jestAdapterInit.js:122:21)\n    at jestAdapter (C:\\codegr\\lazies\\node_modules\\jest-circus\\build\\legacy-code-todo-rewrite\\jestAdapter.js:79:19)\n    at runTestInternal (C:\\codegr\\lazies\\node_modules\\jest-runner\\build\\runTest.js:367:16)\n    at runTest (C:\\codegr\\lazies\\node_modules\\jest-runner\\build\\runTest.js:444:34)\n    at Object.worker (C:\\codegr\\lazies\\node_modules\\jest-runner\\build\\testWorker.js:106:12)"
            }
          ],
          "failureMessages": [
            "\u001b[0mExpected value \u001b[0m  \u001b[32m3\u001b[39m\n\u001b[0mReceived:\u001b[0m\n\u001b[0m\u001b[0m  \u001b[31m1\u001b[39m\u001b[0m\u001b[0m\n\u001b[0m\u001b[0m\n\u001b[0mMessage:\u001b[0m\n\u001b[0m  Expected both values to be deep equal\u001b[0m\n    at new \n    at NumberAssertion.toBeEqual (C:\\codegr\\lazies\\node_modules\\@assertive-ts\\core\\src\\lib\\Assertion.ts:334:19)\n    at Object.<anonymous> (C:\\codegr\\lazies\\src\\test\\seq\\at.test.ts:16:29)\n    at Promise.then.completed (C:\\codegr\\lazies\\node_modules\\jest-circus\\build\\utils.js:298:28)\n    at new Promise (<anonymous>)\n    at callAsyncCircusFn (C:\\codegr\\lazies\\node_modules\\jest-circus\\build\\utils.js:231:10)\n    at _callCircusTest (C:\\codegr\\lazies\\node_modules\\jest-circus\\build\\run.js:316:40)\n    at processTicksAndRejections (node:internal/process/task_queues:95:5)\n    at _runTest (C:\\codegr\\lazies\\node_modules\\jest-circus\\build\\run.js:252:3)\n    at _runTestsForDescribeBlock (C:\\codegr\\lazies\\node_modules\\jest-circus\\build\\run.js:126:9)\n    at run (C:\\codegr\\lazies\\node_modules\\jest-circus\\build\\run.js:71:3)\n    at runAndTransformResultsToJestFormat (C:\\codegr\\lazies\\node_modules\\jest-circus\\build\\legacy-code-todo-rewrite\\jestAdapterInit.js:122:21)\n    at jestAdapter (C:\\codegr\\lazies\\node_modules\\jest-circus\\build\\legacy-code-todo-rewrite\\jestAdapter.js:79:19)\n    at runTestInternal (C:\\codegr\\lazies\\node_modules\\jest-runner\\build\\runTest.js:367:16)\n    at runTest (C:\\codegr\\lazies\\node_modules\\jest-runner\\build\\runTest.js:444:34)\n    at Object.worker (C:\\codegr\\lazies\\node_modules\\jest-runner\\build\\testWorker.js:106:12)"
          ],
          "fullName": "get at negative index",
          "invocations": 1,
          "location": null,
          "numPassingAsserts": 0,
          "retryReasons": [],
          "status": "failed",
          "title": "get at negative index"
        }
      ],
      "failureMessage": "\u001b[1m\u001b[31m  \u001b[1m● \u001b[22m\u001b[1mget at missing index is range error\u001b[39m\u001b[22m\n\n    \u001b[0mExpected value \u001b[0m  \u001b[32mundefined\u001b[39m\n    \u001b[0mReceived:\u001b[0m\n    \u001b[0m\u001b[0m  \u001b[31mSymbol(NoThrow)\u001b[39m\u001b[0m\u001b[0m\n    \u001b[0m\u001b[0m\n    \u001b[0mMessage:\u001b[0m\n    \u001b[0m  Expected the function to throw when called\u001b[0m\n\n    Difference:\n\n      Comparing two different types of values. Expected \u001b[32mundefined\u001b[39m but received \u001b[31msymbol\u001b[39m.\n        at new\n\u001b[2m\u001b[22m\n\u001b[2m    \u001b[0m \u001b[90m  9 |\u001b[39m it(\u001b[32m\"get at missing index is range error\"\u001b[39m\u001b[33m,\u001b[39m () \u001b[33m=>\u001b[39m {\u001b[22m\n\u001b[2m     \u001b[90m 10 |\u001b[39m     \u001b[36mconst\u001b[39m s \u001b[33m=\u001b[39m seqs\u001b[33m.\u001b[39m\u001b[36mof\u001b[39m(\u001b[35m1\u001b[39m\u001b[33m,\u001b[39m \u001b[35m2\u001b[39m\u001b[33m,\u001b[39m \u001b[35m3\u001b[39m)\u001b[33m;\u001b[39m\u001b[22m\n\u001b[2m    \u001b[31m\u001b[1m>\u001b[22m\u001b[2m\u001b[39m\u001b[90m 11 |\u001b[39m     expect(() \u001b[33m=>\u001b[39m s\u001b[33m.\u001b[39mat(\u001b[35m3\u001b[39m))\u001b[33m.\u001b[39mtoThrowError(\u001b[33mRangeError\u001b[39m)\u001b[33m;\u001b[39m\u001b[22m\n\u001b[2m     \u001b[90m    |\u001b[39m                           \u001b[31m\u001b[1m^\u001b[22m\u001b[2m\u001b[39m\u001b[22m\n\u001b[2m     \u001b[90m 12 |\u001b[39m })\u001b[33m;\u001b[39m\u001b[22m\n\u001b[2m     \u001b[90m 13 |\u001b[39m\u001b[22m\n\u001b[2m     \u001b[90m 14 |\u001b[39m it(\u001b[32m\"get at negative index\"\u001b[39m\u001b[33m,\u001b[39m () \u001b[33m=>\u001b[39m {\u001b[0m\u001b[22m\n\u001b[2m\u001b[22m\n\u001b[2m      \u001b[2mat FunctionAssertion.toThrowError (\u001b[22m\u001b[2mnode_modules/@assertive-ts/core/src/lib/FunctionAssertion.ts\u001b[2m:103:13)\u001b[22m\u001b[2m\u001b[22m\n\u001b[2m      \u001b[2mat Object.<anonymous> (\u001b[22m\u001b[2m\u001b[0m\u001b[36msrc/test/seq/at.test.ts\u001b[39m\u001b[0m\u001b[2m:11:27)\u001b[22m\u001b[2m\u001b[22m\n\n\u001b[1m\u001b[31m  \u001b[1m● \u001b[22m\u001b[1mget at negative index\u001b[39m\u001b[22m\n\n    \u001b[0mExpected value \u001b[0m  \u001b[32m3\u001b[39m\n    \u001b[0mReceived:\u001b[0m\n    \u001b[0m\u001b[0m  \u001b[31m1\u001b[39m\u001b[0m\u001b[0m\n    \u001b[0m\u001b[0m\n    \u001b[0mMessage:\u001b[0m\n    \u001b[0m  Expected both values to be deep equal\u001b[0m\n        at new\n\u001b[2m\u001b[22m\n\u001b[2m    \u001b[0m \u001b[90m 14 |\u001b[39m it(\u001b[32m\"get at negative index\"\u001b[39m\u001b[33m,\u001b[39m () \u001b[33m=>\u001b[39m {\u001b[22m\n\u001b[2m     \u001b[90m 15 |\u001b[39m     \u001b[36mconst\u001b[39m s \u001b[33m=\u001b[39m seqs\u001b[33m.\u001b[39m\u001b[36mof\u001b[39m(\u001b[35m1\u001b[39m\u001b[33m,\u001b[39m \u001b[35m2\u001b[39m\u001b[33m,\u001b[39m \u001b[35m3\u001b[39m)\u001b[33m;\u001b[39m\u001b[22m\n\u001b[2m    \u001b[31m\u001b[1m>\u001b[22m\u001b[2m\u001b[39m\u001b[90m 16 |\u001b[39m     expect(s\u001b[33m.\u001b[39mat(\u001b[33m-\u001b[39m\u001b[35m1\u001b[39m)\u001b[33m.\u001b[39mpull())\u001b[33m.\u001b[39mtoBeEqual(\u001b[35m3\u001b[39m)\u001b[33m;\u001b[39m\u001b[22m\n\u001b[2m     \u001b[90m    |\u001b[39m                             \u001b[31m\u001b[1m^\u001b[22m\u001b[2m\u001b[39m\u001b[22m\n\u001b[2m     \u001b[90m 17 |\u001b[39m })\u001b[33m;\u001b[39m\u001b[22m\n\u001b[2m     \u001b[90m 18 |\u001b[39m\u001b[0m\u001b[22m\n\u001b[2m\u001b[22m\n\u001b[2m      \u001b[2mat NumberAssertion.toBeEqual (\u001b[22m\u001b[2mnode_modules/@assertive-ts/core/src/lib/Assertion.ts\u001b[2m:334:19)\u001b[22m\u001b[2m\u001b[22m\n\u001b[2m      \u001b[2mat Object.<anonymous> (\u001b[22m\u001b[2m\u001b[0m\u001b[36msrc/test/seq/at.test.ts\u001b[39m\u001b[0m\u001b[2m:16:29)\u001b[22m\u001b[2m\u001b[22m\n"
    },
    {
      "leaks": false,
      "numFailingTests": 0,
      "numPassingTests": 8,
      "numPendingTests": 0,
      "numTodoTests": 0,
      "openHandles": [],
      "perfStats": {
        "end": 1712936817748,
        "runtime": 3864,
        "slow": false,
        "start": 1712936813884
      },
      "skipped": false,
      "snapshot": {
        "added": 0,
        "fileDeleted": false,
        "matched": 0,
        "unchecked": 0,
        "uncheckedKeys": [],
        "unmatched": 0,
        "updated": 0
      },
      "testFilePath": "C:\\codegr\\lazies\\src\\test\\seq\\concatMap.test.ts",
      "testResults": [
        {
          "ancestorTitles": [],
          "duration": 37,
          "failureDetails": [],
          "failureMessages": [],
          "fullName": "should work with empty input",
          "invocations": 1,
          "location": null,
          "numPassingAsserts": 0,
          "retryReasons": [],
          "status": "passed",
          "title": "should work with empty input"
        },
        {
          "ancestorTitles": [],
          "duration": 2,
          "failureDetails": [],
          "failureMessages": [],
          "fullName": "should work with single element",
          "invocations": 1,
          "location": null,
          "numPassingAsserts": 0,
          "retryReasons": [],
          "status": "passed",
          "title": "should work with single element"
        },
        {
          "ancestorTitles": [],
          "duration": 1,
          "failureDetails": [],
          "failureMessages": [],
          "fullName": "should work with multiple elements",
          "invocations": 1,
          "location": null,
          "numPassingAsserts": 0,
          "retryReasons": [],
          "status": "passed",
          "title": "should work with multiple elements"
        },
        {
          "ancestorTitles": [],
          "duration": 1,
          "failureDetails": [],
          "failureMessages": [],
          "fullName": "should work with empty output",
          "invocations": 1,
          "location": null,
          "numPassingAsserts": 0,
          "retryReasons": [],
          "status": "passed",
          "title": "should work with empty output"
        },
        {
          "ancestorTitles": [],
          "duration": 1,
          "failureDetails": [],
          "failureMessages": [],
          "fullName": "should work with single input and array output",
          "invocations": 1,
          "location": null,
          "numPassingAsserts": 0,
          "retryReasons": [],
          "status": "passed",
          "title": "should work with single input and array output"
        },
        {
          "ancestorTitles": [],
          "duration": 0,
          "failureDetails": [],
          "failureMessages": [],
          "fullName": "should work with single input and seq output",
          "invocations": 1,
          "location": null,
          "numPassingAsserts": 0,
          "retryReasons": [],
          "status": "passed",
          "title": "should work with single input and seq output"
        },
        {
          "ancestorTitles": [],
          "duration": 1,
          "failureDetails": [],
          "failureMessages": [],
          "fullName": "should work with single input and set output",
          "invocations": 1,
          "location": null,
          "numPassingAsserts": 0,
          "retryReasons": [],
          "status": "passed",
          "title": "should work with single input and set output"
        },
        {
          "ancestorTitles": [],
          "duration": 1,
          "failureDetails": [],
          "failureMessages": [],
          "fullName": "should work with single input and map output",
          "invocations": 1,
          "location": null,
          "numPassingAsserts": 0,
          "retryReasons": [],
          "status": "passed",
          "title": "should work with single input and map output"
        }
      ],
      "failureMessage": null
    },
    {
      "leaks": false,
      "numFailingTests": 0,
      "numPassingTests": 4,
      "numPendingTests": 0,
      "numTodoTests": 0,
      "openHandles": [],
      "perfStats": {
        "end": 1712936817787,
        "runtime": 3864,
        "slow": false,
        "start": 1712936813923
      },
      "skipped": false,
      "snapshot": {
        "added": 0,
        "fileDeleted": false,
        "matched": 0,
        "unchecked": 0,
        "uncheckedKeys": [],
        "unmatched": 0,
        "updated": 0
      },
      "testFilePath": "C:\\codegr\\lazies\\src\\test\\seq\\filter.test.ts",
      "testResults": [
        {
          "ancestorTitles": [],
          "duration": 44,
          "failureDetails": [],
          "failureMessages": [],
          "fullName": "empty sequence",
          "invocations": 1,
          "location": null,
          "numPassingAsserts": 0,
          "retryReasons": [],
          "status": "passed",
          "title": "empty sequence"
        },
        {
          "ancestorTitles": [],
          "duration": 1,
          "failureDetails": [],
          "failureMessages": [],
          "fullName": "single element",
          "invocations": 1,
          "location": null,
          "numPassingAsserts": 0,
          "retryReasons": [],
          "status": "passed",
          "title": "single element"
        },
        {
          "ancestorTitles": [],
          "duration": 1,
          "failureDetails": [],
          "failureMessages": [],
          "fullName": "multiple elements",
          "invocations": 1,
          "location": null,
          "numPassingAsserts": 0,
          "retryReasons": [],
          "status": "passed",
          "title": "multiple elements"
        },
        {
          "ancestorTitles": [],
          "duration": 1,
          "failureDetails": [],
          "failureMessages": [],
          "fullName": "no elements",
          "invocations": 1,
          "location": null,
          "numPassingAsserts": 0,
          "retryReasons": [],
          "status": "passed",
          "title": "no elements"
        }
      ],
      "failureMessage": null
    },
    {
      "leaks": false,
      "numFailingTests": 0,
      "numPassingTests": 2,
      "numPendingTests": 0,
      "numTodoTests": 0,
      "openHandles": [],
      "perfStats": {
        "end": 1712936817765,
        "runtime": 3873,
        "slow": false,
        "start": 1712936813892
      },
      "skipped": false,
      "snapshot": {
        "added": 0,
        "fileDeleted": false,
        "matched": 0,
        "unchecked": 0,
        "uncheckedKeys": [],
        "unmatched": 0,
        "updated": 0
      },
      "testFilePath": "C:\\codegr\\lazies\\src\\test\\seq\\reduce.test.ts",
      "testResults": [
        {
          "ancestorTitles": [],
          "duration": 22,
          "failureDetails": [],
          "failureMessages": [],
          "fullName": "should default on empty",
          "invocations": 1,
          "location": null,
          "numPassingAsserts": 0,
          "retryReasons": [],
          "status": "passed",
          "title": "should default on empty"
        },
        {
          "ancestorTitles": [],
          "duration": 1,
          "failureDetails": [],
          "failureMessages": [],
          "fullName": "should reduce",
          "invocations": 1,
          "location": null,
          "numPassingAsserts": 0,
          "retryReasons": [],
          "status": "passed",
          "title": "should reduce"
        }
      ],
      "failureMessage": null
    },
    {
      "leaks": false,
      "numFailingTests": 0,
      "numPassingTests": 3,
      "numPendingTests": 0,
      "numTodoTests": 0,
      "openHandles": [],
      "perfStats": {
        "end": 1712936817783,
        "runtime": 3911,
        "slow": false,
        "start": 1712936813872
      },
      "skipped": false,
      "snapshot": {
        "added": 0,
        "fileDeleted": false,
        "matched": 0,
        "unchecked": 0,
        "uncheckedKeys": [],
        "unmatched": 0,
        "updated": 0
      },
      "testFilePath": "C:\\codegr\\lazies\\src\\test\\seq\\includes.test.ts",
      "testResults": [
        {
          "ancestorTitles": [],
          "duration": 32,
          "failureDetails": [],
          "failureMessages": [],
          "fullName": "should not find in empty",
          "invocations": 1,
          "location": null,
          "numPassingAsserts": 0,
          "retryReasons": [],
          "status": "passed",
          "title": "should not find in empty"
        },
        {
          "ancestorTitles": [],
          "duration": 1,
          "failureDetails": [],
          "failureMessages": [],
          "fullName": "should find",
          "invocations": 1,
          "location": null,
          "numPassingAsserts": 0,
          "retryReasons": [],
          "status": "passed",
          "title": "should find"
        },
        {
          "ancestorTitles": [],
          "duration": 1,
          "failureDetails": [],
          "failureMessages": [],
          "fullName": "should not find",
          "invocations": 1,
          "location": null,
          "numPassingAsserts": 0,
          "retryReasons": [],
          "status": "passed",
          "title": "should not find"
        }
      ],
      "failureMessage": null
    },
    {
      "leaks": false,
      "numFailingTests": 2,
      "numPassingTests": 0,
      "numPendingTests": 0,
      "numTodoTests": 0,
      "openHandles": [],
      "perfStats": {
        "end": 1712936817746,
        "runtime": 3905,
        "slow": false,
        "start": 1712936813841
      },
      "skipped": false,
      "snapshot": {
        "added": 0,
        "fileDeleted": false,
        "matched": 0,
        "unchecked": 0,
        "uncheckedKeys": [],
        "unmatched": 0,
        "updated": 0
      },
      "testFilePath": "C:\\codegr\\lazies\\src\\test\\seq\\dematerialize.test.ts",
      "testResults": [
        {
          "ancestorTitles": [],
          "duration": 24,
          "failureDetails": [
            {
              "message": "\u001b[0mExpected value \u001b[0m  \u001b[32m[{\"done\": true, \"value\": undefined}]\u001b[39m\n\u001b[0mReceived:\u001b[0m\n\u001b[0m\u001b[0m  \u001b[31m[{\"done\": true}]\u001b[39m\u001b[0m\u001b[0m\n\u001b[0m\u001b[0m\n\u001b[0mMessage:\u001b[0m\n\u001b[0m  Expected both values to be deep equal\u001b[0m\n\nDifference:\n\n\u001b[32m- Expected\u001b[39m\n\u001b[31m+ Received\u001b[39m\n\n\u001b[2m  Array [\u001b[22m\n\u001b[2m    Object {\u001b[22m\n\u001b[2m      \"done\": true,\u001b[22m\n\u001b[32m-     \"value\": undefined,\u001b[39m\n\u001b[2m    },\u001b[22m\n\u001b[2m  ]\u001b[22m\n    at new \n    at ArrayAssertion.toBeEqual (C:\\codegr\\lazies\\node_modules\\@assertive-ts\\core\\src\\lib\\Assertion.ts:334:19)\n    at Object.<anonymous> (C:\\codegr\\lazies\\src\\test\\seq\\dematerialize.test.ts:5:32)\n    at Promise.then.completed (C:\\codegr\\lazies\\node_modules\\jest-circus\\build\\utils.js:298:28)\n    at new Promise (<anonymous>)\n    at callAsyncCircusFn (C:\\codegr\\lazies\\node_modules\\jest-circus\\build\\utils.js:231:10)\n    at _callCircusTest (C:\\codegr\\lazies\\node_modules\\jest-circus\\build\\run.js:316:40)\n    at processTicksAndRejections (node:internal/process/task_queues:95:5)\n    at _runTest (C:\\codegr\\lazies\\node_modules\\jest-circus\\build\\run.js:252:3)\n    at _runTestsForDescribeBlock (C:\\codegr\\lazies\\node_modules\\jest-circus\\build\\run.js:126:9)\n    at run (C:\\codegr\\lazies\\node_modules\\jest-circus\\build\\run.js:71:3)\n    at runAndTransformResultsToJestFormat (C:\\codegr\\lazies\\node_modules\\jest-circus\\build\\legacy-code-todo-rewrite\\jestAdapterInit.js:122:21)\n    at jestAdapter (C:\\codegr\\lazies\\node_modules\\jest-circus\\build\\legacy-code-todo-rewrite\\jestAdapter.js:79:19)\n    at runTestInternal (C:\\codegr\\lazies\\node_modules\\jest-runner\\build\\runTest.js:367:16)\n    at runTest (C:\\codegr\\lazies\\node_modules\\jest-runner\\build\\runTest.js:444:34)\n    at Object.worker (C:\\codegr\\lazies\\node_modules\\jest-runner\\build\\testWorker.js:106:12)"
            }
          ],
          "failureMessages": [
            "\u001b[0mExpected value \u001b[0m  \u001b[32m[{\"done\": true, \"value\": undefined}]\u001b[39m\n\u001b[0mReceived:\u001b[0m\n\u001b[0m\u001b[0m  \u001b[31m[{\"done\": true}]\u001b[39m\u001b[0m\u001b[0m\n\u001b[0m\u001b[0m\n\u001b[0mMessage:\u001b[0m\n\u001b[0m  Expected both values to be deep equal\u001b[0m\n\nDifference:\n\n\u001b[32m- Expected\u001b[39m\n\u001b[31m+ Received\u001b[39m\n\n\u001b[2m  Array [\u001b[22m\n\u001b[2m    Object {\u001b[22m\n\u001b[2m      \"done\": true,\u001b[22m\n\u001b[32m-     \"value\": undefined,\u001b[39m\n\u001b[2m    },\u001b[22m\n\u001b[2m  ]\u001b[22m\n    at new \n    at ArrayAssertion.toBeEqual (C:\\codegr\\lazies\\node_modules\\@assertive-ts\\core\\src\\lib\\Assertion.ts:334:19)\n    at Object.<anonymous> (C:\\codegr\\lazies\\src\\test\\seq\\dematerialize.test.ts:5:32)\n    at Promise.then.completed (C:\\codegr\\lazies\\node_modules\\jest-circus\\build\\utils.js:298:28)\n    at new Promise (<anonymous>)\n    at callAsyncCircusFn (C:\\codegr\\lazies\\node_modules\\jest-circus\\build\\utils.js:231:10)\n    at _callCircusTest (C:\\codegr\\lazies\\node_modules\\jest-circus\\build\\run.js:316:40)\n    at processTicksAndRejections (node:internal/process/task_queues:95:5)\n    at _runTest (C:\\codegr\\lazies\\node_modules\\jest-circus\\build\\run.js:252:3)\n    at _runTestsForDescribeBlock (C:\\codegr\\lazies\\node_modules\\jest-circus\\build\\run.js:126:9)\n    at run (C:\\codegr\\lazies\\node_modules\\jest-circus\\build\\run.js:71:3)\n    at runAndTransformResultsToJestFormat (C:\\codegr\\lazies\\node_modules\\jest-circus\\build\\legacy-code-todo-rewrite\\jestAdapterInit.js:122:21)\n    at jestAdapter (C:\\codegr\\lazies\\node_modules\\jest-circus\\build\\legacy-code-todo-rewrite\\jestAdapter.js:79:19)\n    at runTestInternal (C:\\codegr\\lazies\\node_modules\\jest-runner\\build\\runTest.js:367:16)\n    at runTest (C:\\codegr\\lazies\\node_modules\\jest-runner\\build\\runTest.js:444:34)\n    at Object.worker (C:\\codegr\\lazies\\node_modules\\jest-runner\\build\\testWorker.js:106:12)"
          ],
          "fullName": "empty sequence",
          "invocations": 1,
          "location": null,
          "numPassingAsserts": 0,
          "retryReasons": [],
          "status": "failed",
          "title": "empty sequence"
        },
        {
          "ancestorTitles": [],
          "duration": 2,
          "failureDetails": [
            {
              "message": "\u001b[0mExpected value \u001b[0m  \u001b[32m[{\"done\": false, \"value\": 1}, {\"done\": true, \"value\": undefined}]\u001b[39m\n\u001b[0mReceived:\u001b[0m\n\u001b[0m\u001b[0m  \u001b[31m[{\"done\": false, \"value\": 1}, {\"done\": true}]\u001b[39m\u001b[0m\u001b[0m\n\u001b[0m\u001b[0m\n\u001b[0mMessage:\u001b[0m\n\u001b[0m  Expected both values to be deep equal\u001b[0m\n\nDifference:\n\n\u001b[32m- Expected\u001b[39m\n\u001b[31m+ Received\u001b[39m\n\n\u001b[33m@@ -3,8 +3,7 @@\u001b[39m\n\u001b[2m      \"done\": false,\u001b[22m\n\u001b[2m      \"value\": 1,\u001b[22m\n\u001b[2m    },\u001b[22m\n\u001b[2m    Object {\u001b[22m\n\u001b[2m      \"done\": true,\u001b[22m\n\u001b[32m-     \"value\": undefined,\u001b[39m\n\u001b[2m    },\u001b[22m\n\u001b[2m  ]\u001b[22m\n    at new \n    at ArrayAssertion.toBeEqual (C:\\codegr\\lazies\\node_modules\\@assertive-ts\\core\\src\\lib\\Assertion.ts:334:19)\n    at Object.<anonymous> (C:\\codegr\\lazies\\src\\test\\seq\\dematerialize.test.ts:10:32)\n    at Promise.then.completed (C:\\codegr\\lazies\\node_modules\\jest-circus\\build\\utils.js:298:28)\n    at new Promise (<anonymous>)\n    at callAsyncCircusFn (C:\\codegr\\lazies\\node_modules\\jest-circus\\build\\utils.js:231:10)\n    at _callCircusTest (C:\\codegr\\lazies\\node_modules\\jest-circus\\build\\run.js:316:40)\n    at processTicksAndRejections (node:internal/process/task_queues:95:5)\n    at _runTest (C:\\codegr\\lazies\\node_modules\\jest-circus\\build\\run.js:252:3)\n    at _runTestsForDescribeBlock (C:\\codegr\\lazies\\node_modules\\jest-circus\\build\\run.js:126:9)\n    at run (C:\\codegr\\lazies\\node_modules\\jest-circus\\build\\run.js:71:3)\n    at runAndTransformResultsToJestFormat (C:\\codegr\\lazies\\node_modules\\jest-circus\\build\\legacy-code-todo-rewrite\\jestAdapterInit.js:122:21)\n    at jestAdapter (C:\\codegr\\lazies\\node_modules\\jest-circus\\build\\legacy-code-todo-rewrite\\jestAdapter.js:79:19)\n    at runTestInternal (C:\\codegr\\lazies\\node_modules\\jest-runner\\build\\runTest.js:367:16)\n    at runTest (C:\\codegr\\lazies\\node_modules\\jest-runner\\build\\runTest.js:444:34)\n    at Object.worker (C:\\codegr\\lazies\\node_modules\\jest-runner\\build\\testWorker.js:106:12)"
            }
          ],
          "failureMessages": [
            "\u001b[0mExpected value \u001b[0m  \u001b[32m[{\"done\": false, \"value\": 1}, {\"done\": true, \"value\": undefined}]\u001b[39m\n\u001b[0mReceived:\u001b[0m\n\u001b[0m\u001b[0m  \u001b[31m[{\"done\": false, \"value\": 1}, {\"done\": true}]\u001b[39m\u001b[0m\u001b[0m\n\u001b[0m\u001b[0m\n\u001b[0mMessage:\u001b[0m\n\u001b[0m  Expected both values to be deep equal\u001b[0m\n\nDifference:\n\n\u001b[32m- Expected\u001b[39m\n\u001b[31m+ Received\u001b[39m\n\n\u001b[33m@@ -3,8 +3,7 @@\u001b[39m\n\u001b[2m      \"done\": false,\u001b[22m\n\u001b[2m      \"value\": 1,\u001b[22m\n\u001b[2m    },\u001b[22m\n\u001b[2m    Object {\u001b[22m\n\u001b[2m      \"done\": true,\u001b[22m\n\u001b[32m-     \"value\": undefined,\u001b[39m\n\u001b[2m    },\u001b[22m\n\u001b[2m  ]\u001b[22m\n    at new \n    at ArrayAssertion.toBeEqual (C:\\codegr\\lazies\\node_modules\\@assertive-ts\\core\\src\\lib\\Assertion.ts:334:19)\n    at Object.<anonymous> (C:\\codegr\\lazies\\src\\test\\seq\\dematerialize.test.ts:10:32)\n    at Promise.then.completed (C:\\codegr\\lazies\\node_modules\\jest-circus\\build\\utils.js:298:28)\n    at new Promise (<anonymous>)\n    at callAsyncCircusFn (C:\\codegr\\lazies\\node_modules\\jest-circus\\build\\utils.js:231:10)\n    at _callCircusTest (C:\\codegr\\lazies\\node_modules\\jest-circus\\build\\run.js:316:40)\n    at processTicksAndRejections (node:internal/process/task_queues:95:5)\n    at _runTest (C:\\codegr\\lazies\\node_modules\\jest-circus\\build\\run.js:252:3)\n    at _runTestsForDescribeBlock (C:\\codegr\\lazies\\node_modules\\jest-circus\\build\\run.js:126:9)\n    at run (C:\\codegr\\lazies\\node_modules\\jest-circus\\build\\run.js:71:3)\n    at runAndTransformResultsToJestFormat (C:\\codegr\\lazies\\node_modules\\jest-circus\\build\\legacy-code-todo-rewrite\\jestAdapterInit.js:122:21)\n    at jestAdapter (C:\\codegr\\lazies\\node_modules\\jest-circus\\build\\legacy-code-todo-rewrite\\jestAdapter.js:79:19)\n    at runTestInternal (C:\\codegr\\lazies\\node_modules\\jest-runner\\build\\runTest.js:367:16)\n    at runTest (C:\\codegr\\lazies\\node_modules\\jest-runner\\build\\runTest.js:444:34)\n    at Object.worker (C:\\codegr\\lazies\\node_modules\\jest-runner\\build\\testWorker.js:106:12)"
          ],
          "fullName": "single element",
          "invocations": 1,
          "location": null,
          "numPassingAsserts": 0,
          "retryReasons": [],
          "status": "failed",
          "title": "single element"
        }
      ],
      "failureMessage": "\u001b[1m\u001b[31m  \u001b[1m● \u001b[22m\u001b[1mempty sequence\u001b[39m\u001b[22m\n\n    \u001b[0mExpected value \u001b[0m  \u001b[32m[{\"done\": true, \"value\": undefined}]\u001b[39m\n    \u001b[0mReceived:\u001b[0m\n    \u001b[0m\u001b[0m  \u001b[31m[{\"done\": true}]\u001b[39m\u001b[0m\u001b[0m\n    \u001b[0m\u001b[0m\n    \u001b[0mMessage:\u001b[0m\n    \u001b[0m  Expected both values to be deep equal\u001b[0m\n\n    Difference:\n\n    \u001b[32m- Expected\u001b[39m\n    \u001b[31m+ Received\u001b[39m\n\n    \u001b[2m  Array [\u001b[22m\n    \u001b[2m    Object {\u001b[22m\n    \u001b[2m      \"done\": true,\u001b[22m\n    \u001b[32m-     \"value\": undefined,\u001b[39m\n    \u001b[2m    },\u001b[22m\n    \u001b[2m  ]\u001b[22m\n        at new\n\u001b[2m\u001b[22m\n\u001b[2m    \u001b[0m \u001b[90m 3 |\u001b[39m it(\u001b[32m\"empty sequence\"\u001b[39m\u001b[33m,\u001b[39m () \u001b[33m=>\u001b[39m {\u001b[22m\n\u001b[2m     \u001b[90m 4 |\u001b[39m     \u001b[36mconst\u001b[39m s \u001b[33m=\u001b[39m seqs\u001b[33m.\u001b[39mempty()\u001b[33m.\u001b[39mdematerialize()\u001b[33m;\u001b[39m\u001b[22m\n\u001b[2m    \u001b[31m\u001b[1m>\u001b[22m\u001b[2m\u001b[39m\u001b[90m 5 |\u001b[39m     expect(s\u001b[33m.\u001b[39mtoArray()\u001b[33m.\u001b[39mpull())\u001b[33m.\u001b[39mtoBeEqual([{ value\u001b[33m:\u001b[39m undefined\u001b[33m,\u001b[39m done\u001b[33m:\u001b[39m \u001b[36mtrue\u001b[39m }])\u001b[33m;\u001b[39m\u001b[22m\n\u001b[2m     \u001b[90m   |\u001b[39m                                \u001b[31m\u001b[1m^\u001b[22m\u001b[2m\u001b[39m\u001b[22m\n\u001b[2m     \u001b[90m 6 |\u001b[39m })\u001b[33m;\u001b[39m\u001b[22m\n\u001b[2m     \u001b[90m 7 |\u001b[39m\u001b[22m\n\u001b[2m     \u001b[90m 8 |\u001b[39m it(\u001b[32m\"single element\"\u001b[39m\u001b[33m,\u001b[39m () \u001b[33m=>\u001b[39m {\u001b[0m\u001b[22m\n\u001b[2m\u001b[22m\n\u001b[2m      \u001b[2mat ArrayAssertion.toBeEqual (\u001b[22m\u001b[2mnode_modules/@assertive-ts/core/src/lib/Assertion.ts\u001b[2m:334:19)\u001b[22m\u001b[2m\u001b[22m\n\u001b[2m      \u001b[2mat Object.<anonymous> (\u001b[22m\u001b[2m\u001b[0m\u001b[36msrc/test/seq/dematerialize.test.ts\u001b[39m\u001b[0m\u001b[2m:5:32)\u001b[22m\u001b[2m\u001b[22m\n\n\u001b[1m\u001b[31m  \u001b[1m● \u001b[22m\u001b[1msingle element\u001b[39m\u001b[22m\n\n    \u001b[0mExpected value \u001b[0m  \u001b[32m[{\"done\": false, \"value\": 1}, {\"done\": true, \"value\": undefined}]\u001b[39m\n    \u001b[0mReceived:\u001b[0m\n    \u001b[0m\u001b[0m  \u001b[31m[{\"done\": false, \"value\": 1}, {\"done\": true}]\u001b[39m\u001b[0m\u001b[0m\n    \u001b[0m\u001b[0m\n    \u001b[0mMessage:\u001b[0m\n    \u001b[0m  Expected both values to be deep equal\u001b[0m\n\n    Difference:\n\n    \u001b[32m- Expected\u001b[39m\n    \u001b[31m+ Received\u001b[39m\n\n    \u001b[33m@@ -3,8 +3,7 @@\u001b[39m\n    \u001b[2m      \"done\": false,\u001b[22m\n    \u001b[2m      \"value\": 1,\u001b[22m\n    \u001b[2m    },\u001b[22m\n    \u001b[2m    Object {\u001b[22m\n    \u001b[2m      \"done\": true,\u001b[22m\n    \u001b[32m-     \"value\": undefined,\u001b[39m\n    \u001b[2m    },\u001b[22m\n    \u001b[2m  ]\u001b[22m\n        at new\n\u001b[2m\u001b[22m\n\u001b[2m    \u001b[0m \u001b[90m  8 |\u001b[39m it(\u001b[32m\"single element\"\u001b[39m\u001b[33m,\u001b[39m () \u001b[33m=>\u001b[39m {\u001b[22m\n\u001b[2m     \u001b[90m  9 |\u001b[39m     \u001b[36mconst\u001b[39m s \u001b[33m=\u001b[39m seqs\u001b[33m.\u001b[39m\u001b[36mof\u001b[39m(\u001b[35m1\u001b[39m)\u001b[33m.\u001b[39mdematerialize()\u001b[33m;\u001b[39m\u001b[22m\n\u001b[2m    \u001b[31m\u001b[1m>\u001b[22m\u001b[2m\u001b[39m\u001b[90m 10 |\u001b[39m     expect(s\u001b[33m.\u001b[39mtoArray()\u001b[33m.\u001b[39mpull())\u001b[33m.\u001b[39mtoBeEqual([\u001b[22m\n\u001b[2m     \u001b[90m    |\u001b[39m                                \u001b[31m\u001b[1m^\u001b[22m\u001b[2m\u001b[39m\u001b[22m\n\u001b[2m     \u001b[90m 11 |\u001b[39m         { value\u001b[33m:\u001b[39m \u001b[35m1\u001b[39m\u001b[33m,\u001b[39m done\u001b[33m:\u001b[39m \u001b[36mfalse\u001b[39m }\u001b[33m,\u001b[39m\u001b[22m\n\u001b[2m     \u001b[90m 12 |\u001b[39m         { value\u001b[33m:\u001b[39m undefined\u001b[33m,\u001b[39m done\u001b[33m:\u001b[39m \u001b[36mtrue\u001b[39m }\u001b[22m\n\u001b[2m     \u001b[90m 13 |\u001b[39m     ])\u001b[33m;\u001b[39m\u001b[0m\u001b[22m\n\u001b[2m\u001b[22m\n\u001b[2m      \u001b[2mat ArrayAssertion.toBeEqual (\u001b[22m\u001b[2mnode_modules/@assertive-ts/core/src/lib/Assertion.ts\u001b[2m:334:19)\u001b[22m\u001b[2m\u001b[22m\n\u001b[2m      \u001b[2mat Object.<anonymous> (\u001b[22m\u001b[2m\u001b[0m\u001b[36msrc/test/seq/dematerialize.test.ts\u001b[39m\u001b[0m\u001b[2m:10:32)\u001b[22m\u001b[2m\u001b[22m\n"
    },
    {
      "leaks": false,
      "numFailingTests": 0,
      "numPassingTests": 3,
      "numPendingTests": 0,
      "numTodoTests": 0,
      "openHandles": [],
      "perfStats": {
        "end": 1712936817815,
        "runtime": 3909,
        "slow": false,
        "start": 1712936813906
      },
      "skipped": false,
      "snapshot": {
        "added": 0,
        "fileDeleted": false,
        "matched": 0,
        "unchecked": 0,
        "uncheckedKeys": [],
        "unmatched": 0,
        "updated": 0
      },
      "testFilePath": "C:\\codegr\\lazies\\src\\test\\seq\\first.test.ts",
      "testResults": [
        {
          "ancestorTitles": [],
          "duration": 23,
          "failureDetails": [],
          "failureMessages": [],
          "fullName": "should return null for empty",
          "invocations": 1,
          "location": null,
          "numPassingAsserts": 0,
          "retryReasons": [],
          "status": "passed",
          "title": "should return null for empty"
        },
        {
          "ancestorTitles": [],
          "duration": 2,
          "failureDetails": [],
          "failureMessages": [],
          "fullName": "accepts default value",
          "invocations": 1,
          "location": null,
          "numPassingAsserts": 0,
          "retryReasons": [],
          "status": "passed",
          "title": "accepts default value"
        },
        {
          "ancestorTitles": [],
          "duration": 1,
          "failureDetails": [],
          "failureMessages": [],
          "fullName": "should return first element",
          "invocations": 1,
          "location": null,
          "numPassingAsserts": 0,
          "retryReasons": [],
          "status": "passed",
          "title": "should return first element"
        }
      ],
      "failureMessage": null
    },
    {
      "leaks": false,
      "numFailingTests": 3,
      "numPassingTests": 0,
      "numPendingTests": 0,
      "numTodoTests": 0,
      "openHandles": [],
      "perfStats": {
        "end": 1712936817876,
        "runtime": 4032,
        "slow": false,
        "start": 1712936813844
      },
      "skipped": false,
      "snapshot": {
        "added": 0,
        "fileDeleted": false,
        "matched": 0,
        "unchecked": 0,
        "uncheckedKeys": [],
        "unmatched": 0,
        "updated": 0
      },
      "testFilePath": "C:\\codegr\\lazies\\src\\test\\seq\\every.test.ts",
      "testResults": [
        {
          "ancestorTitles": [],
          "duration": 30,
          "failureDetails": [
            {
              "message": "\u001b[0mExpected value \u001b[0m  \u001b[32mtrue\u001b[39m\n\u001b[0mReceived:\u001b[0m\n\u001b[0m\u001b[0m  \u001b[31mfalse\u001b[39m\u001b[0m\u001b[0m\n\u001b[0m\u001b[0m\n\u001b[0mMessage:\u001b[0m\n\u001b[0m  Expected both values to be the same\u001b[0m\n    at new \n    at BooleanAssertion.toBeSame (C:\\codegr\\lazies\\node_modules\\@assertive-ts\\core\\src\\lib\\Assertion.ts:426:19)\n    at BooleanAssertion.toBe (C:\\codegr\\lazies\\node_modules\\@assertive-ts\\core\\src\\lib\\Assertion.ts:482:17)\n    at Object.<anonymous> (C:\\codegr\\lazies\\src\\test\\seq\\every.test.ts:5:22)\n    at Promise.then.completed (C:\\codegr\\lazies\\node_modules\\jest-circus\\build\\utils.js:298:28)\n    at new Promise (<anonymous>)\n    at callAsyncCircusFn (C:\\codegr\\lazies\\node_modules\\jest-circus\\build\\utils.js:231:10)\n    at _callCircusTest (C:\\codegr\\lazies\\node_modules\\jest-circus\\build\\run.js:316:40)\n    at processTicksAndRejections (node:internal/process/task_queues:95:5)\n    at _runTest (C:\\codegr\\lazies\\node_modules\\jest-circus\\build\\run.js:252:3)\n    at _runTestsForDescribeBlock (C:\\codegr\\lazies\\node_modules\\jest-circus\\build\\run.js:126:9)\n    at run (C:\\codegr\\lazies\\node_modules\\jest-circus\\build\\run.js:71:3)\n    at runAndTransformResultsToJestFormat (C:\\codegr\\lazies\\node_modules\\jest-circus\\build\\legacy-code-todo-rewrite\\jestAdapterInit.js:122:21)\n    at jestAdapter (C:\\codegr\\lazies\\node_modules\\jest-circus\\build\\legacy-code-todo-rewrite\\jestAdapter.js:79:19)\n    at runTestInternal (C:\\codegr\\lazies\\node_modules\\jest-runner\\build\\runTest.js:367:16)\n    at runTest (C:\\codegr\\lazies\\node_modules\\jest-runner\\build\\runTest.js:444:34)\n    at Object.worker (C:\\codegr\\lazies\\node_modules\\jest-runner\\build\\testWorker.js:106:12)"
            }
          ],
          "failureMessages": [
            "\u001b[0mExpected value \u001b[0m  \u001b[32mtrue\u001b[39m\n\u001b[0mReceived:\u001b[0m\n\u001b[0m\u001b[0m  \u001b[31mfalse\u001b[39m\u001b[0m\u001b[0m\n\u001b[0m\u001b[0m\n\u001b[0mMessage:\u001b[0m\n\u001b[0m  Expected both values to be the same\u001b[0m\n    at new \n    at BooleanAssertion.toBeSame (C:\\codegr\\lazies\\node_modules\\@assertive-ts\\core\\src\\lib\\Assertion.ts:426:19)\n    at BooleanAssertion.toBe (C:\\codegr\\lazies\\node_modules\\@assertive-ts\\core\\src\\lib\\Assertion.ts:482:17)\n    at Object.<anonymous> (C:\\codegr\\lazies\\src\\test\\seq\\every.test.ts:5:22)\n    at Promise.then.completed (C:\\codegr\\lazies\\node_modules\\jest-circus\\build\\utils.js:298:28)\n    at new Promise (<anonymous>)\n    at callAsyncCircusFn (C:\\codegr\\lazies\\node_modules\\jest-circus\\build\\utils.js:231:10)\n    at _callCircusTest (C:\\codegr\\lazies\\node_modules\\jest-circus\\build\\run.js:316:40)\n    at processTicksAndRejections (node:internal/process/task_queues:95:5)\n    at _runTest (C:\\codegr\\lazies\\node_modules\\jest-circus\\build\\run.js:252:3)\n    at _runTestsForDescribeBlock (C:\\codegr\\lazies\\node_modules\\jest-circus\\build\\run.js:126:9)\n    at run (C:\\codegr\\lazies\\node_modules\\jest-circus\\build\\run.js:71:3)\n    at runAndTransformResultsToJestFormat (C:\\codegr\\lazies\\node_modules\\jest-circus\\build\\legacy-code-todo-rewrite\\jestAdapterInit.js:122:21)\n    at jestAdapter (C:\\codegr\\lazies\\node_modules\\jest-circus\\build\\legacy-code-todo-rewrite\\jestAdapter.js:79:19)\n    at runTestInternal (C:\\codegr\\lazies\\node_modules\\jest-runner\\build\\runTest.js:367:16)\n    at runTest (C:\\codegr\\lazies\\node_modules\\jest-runner\\build\\runTest.js:444:34)\n    at Object.worker (C:\\codegr\\lazies\\node_modules\\jest-runner\\build\\testWorker.js:106:12)"
          ],
          "fullName": "true on empty",
          "invocations": 1,
          "location": null,
          "numPassingAsserts": 0,
          "retryReasons": [],
          "status": "failed",
          "title": "true on empty"
        },
        {
          "ancestorTitles": [],
          "duration": 1,
          "failureDetails": [
            {
              "message": "\u001b[0mExpected value \u001b[0m  \u001b[32mfalse\u001b[39m\n\u001b[0mReceived:\u001b[0m\n\u001b[0m\u001b[0m  \u001b[31mtrue\u001b[39m\u001b[0m\u001b[0m\n\u001b[0m\u001b[0m\n\u001b[0mMessage:\u001b[0m\n\u001b[0m  Expected both values to be the same\u001b[0m\n    at new \n    at BooleanAssertion.toBeSame (C:\\codegr\\lazies\\node_modules\\@assertive-ts\\core\\src\\lib\\Assertion.ts:426:19)\n    at BooleanAssertion.toBe (C:\\codegr\\lazies\\node_modules\\@assertive-ts\\core\\src\\lib\\Assertion.ts:482:17)\n    at Object.<anonymous> (C:\\codegr\\lazies\\src\\test\\seq\\every.test.ts:10:22)\n    at Promise.then.completed (C:\\codegr\\lazies\\node_modules\\jest-circus\\build\\utils.js:298:28)\n    at new Promise (<anonymous>)\n    at callAsyncCircusFn (C:\\codegr\\lazies\\node_modules\\jest-circus\\build\\utils.js:231:10)\n    at _callCircusTest (C:\\codegr\\lazies\\node_modules\\jest-circus\\build\\run.js:316:40)\n    at processTicksAndRejections (node:internal/process/task_queues:95:5)\n    at _runTest (C:\\codegr\\lazies\\node_modules\\jest-circus\\build\\run.js:252:3)\n    at _runTestsForDescribeBlock (C:\\codegr\\lazies\\node_modules\\jest-circus\\build\\run.js:126:9)\n    at run (C:\\codegr\\lazies\\node_modules\\jest-circus\\build\\run.js:71:3)\n    at runAndTransformResultsToJestFormat (C:\\codegr\\lazies\\node_modules\\jest-circus\\build\\legacy-code-todo-rewrite\\jestAdapterInit.js:122:21)\n    at jestAdapter (C:\\codegr\\lazies\\node_modules\\jest-circus\\build\\legacy-code-todo-rewrite\\jestAdapter.js:79:19)\n    at runTestInternal (C:\\codegr\\lazies\\node_modules\\jest-runner\\build\\runTest.js:367:16)\n    at runTest (C:\\codegr\\lazies\\node_modules\\jest-runner\\build\\runTest.js:444:34)\n    at Object.worker (C:\\codegr\\lazies\\node_modules\\jest-runner\\build\\testWorker.js:106:12)"
            }
          ],
          "failureMessages": [
            "\u001b[0mExpected value \u001b[0m  \u001b[32mfalse\u001b[39m\n\u001b[0mReceived:\u001b[0m\n\u001b[0m\u001b[0m  \u001b[31mtrue\u001b[39m\u001b[0m\u001b[0m\n\u001b[0m\u001b[0m\n\u001b[0mMessage:\u001b[0m\n\u001b[0m  Expected both values to be the same\u001b[0m\n    at new \n    at BooleanAssertion.toBeSame (C:\\codegr\\lazies\\node_modules\\@assertive-ts\\core\\src\\lib\\Assertion.ts:426:19)\n    at BooleanAssertion.toBe (C:\\codegr\\lazies\\node_modules\\@assertive-ts\\core\\src\\lib\\Assertion.ts:482:17)\n    at Object.<anonymous> (C:\\codegr\\lazies\\src\\test\\seq\\every.test.ts:10:22)\n    at Promise.then.completed (C:\\codegr\\lazies\\node_modules\\jest-circus\\build\\utils.js:298:28)\n    at new Promise (<anonymous>)\n    at callAsyncCircusFn (C:\\codegr\\lazies\\node_modules\\jest-circus\\build\\utils.js:231:10)\n    at _callCircusTest (C:\\codegr\\lazies\\node_modules\\jest-circus\\build\\run.js:316:40)\n    at processTicksAndRejections (node:internal/process/task_queues:95:5)\n    at _runTest (C:\\codegr\\lazies\\node_modules\\jest-circus\\build\\run.js:252:3)\n    at _runTestsForDescribeBlock (C:\\codegr\\lazies\\node_modules\\jest-circus\\build\\run.js:126:9)\n    at run (C:\\codegr\\lazies\\node_modules\\jest-circus\\build\\run.js:71:3)\n    at runAndTransformResultsToJestFormat (C:\\codegr\\lazies\\node_modules\\jest-circus\\build\\legacy-code-todo-rewrite\\jestAdapterInit.js:122:21)\n    at jestAdapter (C:\\codegr\\lazies\\node_modules\\jest-circus\\build\\legacy-code-todo-rewrite\\jestAdapter.js:79:19)\n    at runTestInternal (C:\\codegr\\lazies\\node_modules\\jest-runner\\build\\runTest.js:367:16)\n    at runTest (C:\\codegr\\lazies\\node_modules\\jest-runner\\build\\runTest.js:444:34)\n    at Object.worker (C:\\codegr\\lazies\\node_modules\\jest-runner\\build\\testWorker.js:106:12)"
          ],
          "fullName": "false on once",
          "invocations": 1,
          "location": null,
          "numPassingAsserts": 0,
          "retryReasons": [],
          "status": "failed",
          "title": "false on once"
        },
        {
          "ancestorTitles": [],
          "duration": 7,
          "failureDetails": [
            {
              "message": "\u001b[0mExpected value \u001b[0m  \u001b[32mtrue\u001b[39m\n\u001b[0mReceived:\u001b[0m\n\u001b[0m\u001b[0m  \u001b[31mfalse\u001b[39m\u001b[0m\u001b[0m\n\u001b[0m\u001b[0m\n\u001b[0mMessage:\u001b[0m\n\u001b[0m  Expected both values to be the same\u001b[0m\n    at new \n    at BooleanAssertion.toBeSame (C:\\codegr\\lazies\\node_modules\\@assertive-ts\\core\\src\\lib\\Assertion.ts:426:19)\n    at BooleanAssertion.toBe (C:\\codegr\\lazies\\node_modules\\@assertive-ts\\core\\src\\lib\\Assertion.ts:482:17)\n    at Object.<anonymous> (C:\\codegr\\lazies\\src\\test\\seq\\every.test.ts:15:22)\n    at Promise.then.completed (C:\\codegr\\lazies\\node_modules\\jest-circus\\build\\utils.js:298:28)\n    at new Promise (<anonymous>)\n    at callAsyncCircusFn (C:\\codegr\\lazies\\node_modules\\jest-circus\\build\\utils.js:231:10)\n    at _callCircusTest (C:\\codegr\\lazies\\node_modules\\jest-circus\\build\\run.js:316:40)\n    at processTicksAndRejections (node:internal/process/task_queues:95:5)\n    at _runTest (C:\\codegr\\lazies\\node_modules\\jest-circus\\build\\run.js:252:3)\n    at _runTestsForDescribeBlock (C:\\codegr\\lazies\\node_modules\\jest-circus\\build\\run.js:126:9)\n    at run (C:\\codegr\\lazies\\node_modules\\jest-circus\\build\\run.js:71:3)\n    at runAndTransformResultsToJestFormat (C:\\codegr\\lazies\\node_modules\\jest-circus\\build\\legacy-code-todo-rewrite\\jestAdapterInit.js:122:21)\n    at jestAdapter (C:\\codegr\\lazies\\node_modules\\jest-circus\\build\\legacy-code-todo-rewrite\\jestAdapter.js:79:19)\n    at runTestInternal (C:\\codegr\\lazies\\node_modules\\jest-runner\\build\\runTest.js:367:16)\n    at runTest (C:\\codegr\\lazies\\node_modules\\jest-runner\\build\\runTest.js:444:34)\n    at Object.worker (C:\\codegr\\lazies\\node_modules\\jest-runner\\build\\testWorker.js:106:12)"
            }
          ],
          "failureMessages": [
            "\u001b[0mExpected value \u001b[0m  \u001b[32mtrue\u001b[39m\n\u001b[0mReceived:\u001b[0m\n\u001b[0m\u001b[0m  \u001b[31mfalse\u001b[39m\u001b[0m\u001b[0m\n\u001b[0m\u001b[0m\n\u001b[0mMessage:\u001b[0m\n\u001b[0m  Expected both values to be the same\u001b[0m\n    at new \n    at BooleanAssertion.toBeSame (C:\\codegr\\lazies\\node_modules\\@assertive-ts\\core\\src\\lib\\Assertion.ts:426:19)\n    at BooleanAssertion.toBe (C:\\codegr\\lazies\\node_modules\\@assertive-ts\\core\\src\\lib\\Assertion.ts:482:17)\n    at Object.<anonymous> (C:\\codegr\\lazies\\src\\test\\seq\\every.test.ts:15:22)\n    at Promise.then.completed (C:\\codegr\\lazies\\node_modules\\jest-circus\\build\\utils.js:298:28)\n    at new Promise (<anonymous>)\n    at callAsyncCircusFn (C:\\codegr\\lazies\\node_modules\\jest-circus\\build\\utils.js:231:10)\n    at _callCircusTest (C:\\codegr\\lazies\\node_modules\\jest-circus\\build\\run.js:316:40)\n    at processTicksAndRejections (node:internal/process/task_queues:95:5)\n    at _runTest (C:\\codegr\\lazies\\node_modules\\jest-circus\\build\\run.js:252:3)\n    at _runTestsForDescribeBlock (C:\\codegr\\lazies\\node_modules\\jest-circus\\build\\run.js:126:9)\n    at run (C:\\codegr\\lazies\\node_modules\\jest-circus\\build\\run.js:71:3)\n    at runAndTransformResultsToJestFormat (C:\\codegr\\lazies\\node_modules\\jest-circus\\build\\legacy-code-todo-rewrite\\jestAdapterInit.js:122:21)\n    at jestAdapter (C:\\codegr\\lazies\\node_modules\\jest-circus\\build\\legacy-code-todo-rewrite\\jestAdapter.js:79:19)\n    at runTestInternal (C:\\codegr\\lazies\\node_modules\\jest-runner\\build\\runTest.js:367:16)\n    at runTest (C:\\codegr\\lazies\\node_modules\\jest-runner\\build\\runTest.js:444:34)\n    at Object.worker (C:\\codegr\\lazies\\node_modules\\jest-runner\\build\\testWorker.js:106:12)"
          ],
          "fullName": "evaluates",
          "invocations": 1,
          "location": null,
          "numPassingAsserts": 0,
          "retryReasons": [],
          "status": "failed",
          "title": "evaluates"
        }
      ],
      "failureMessage": "\u001b[1m\u001b[31m  \u001b[1m● \u001b[22m\u001b[1mtrue on empty\u001b[39m\u001b[22m\n\n    \u001b[0mExpected value \u001b[0m  \u001b[32mtrue\u001b[39m\n    \u001b[0mReceived:\u001b[0m\n    \u001b[0m\u001b[0m  \u001b[31mfalse\u001b[39m\u001b[0m\u001b[0m\n    \u001b[0m\u001b[0m\n    \u001b[0mMessage:\u001b[0m\n    \u001b[0m  Expected both values to be the same\u001b[0m\n        at new\n\u001b[2m\u001b[22m\n\u001b[2m    \u001b[0m \u001b[90m 3 |\u001b[39m it(\u001b[32m\"true on empty\"\u001b[39m\u001b[33m,\u001b[39m () \u001b[33m=>\u001b[39m {\u001b[22m\n\u001b[2m     \u001b[90m 4 |\u001b[39m     \u001b[36mconst\u001b[39m s \u001b[33m=\u001b[39m seqs\u001b[33m.\u001b[39mempty()\u001b[33m.\u001b[39mevery(() \u001b[33m=>\u001b[39m \u001b[36mfalse\u001b[39m)\u001b[33m;\u001b[39m\u001b[22m\n\u001b[2m    \u001b[31m\u001b[1m>\u001b[22m\u001b[2m\u001b[39m\u001b[90m 5 |\u001b[39m     expect(s\u001b[33m.\u001b[39mpull())\u001b[33m.\u001b[39mtoBe(\u001b[36mtrue\u001b[39m)\u001b[33m;\u001b[39m\u001b[22m\n\u001b[2m     \u001b[90m   |\u001b[39m                      \u001b[31m\u001b[1m^\u001b[22m\u001b[2m\u001b[39m\u001b[22m\n\u001b[2m     \u001b[90m 6 |\u001b[39m })\u001b[33m;\u001b[39m\u001b[22m\n\u001b[2m     \u001b[90m 7 |\u001b[39m\u001b[22m\n\u001b[2m     \u001b[90m 8 |\u001b[39m it(\u001b[32m\"false on once\"\u001b[39m\u001b[33m,\u001b[39m () \u001b[33m=>\u001b[39m {\u001b[0m\u001b[22m\n\u001b[2m\u001b[22m\n\u001b[2m      \u001b[2mat BooleanAssertion.toBeSame (\u001b[22m\u001b[2mnode_modules/@assertive-ts/core/src/lib/Assertion.ts\u001b[2m:426:19)\u001b[22m\u001b[2m\u001b[22m\n\u001b[2m      \u001b[2mat BooleanAssertion.toBe (\u001b[22m\u001b[2mnode_modules/@assertive-ts/core/src/lib/Assertion.ts\u001b[2m:482:17)\u001b[22m\u001b[2m\u001b[22m\n\u001b[2m      \u001b[2mat Object.<anonymous> (\u001b[22m\u001b[2m\u001b[0m\u001b[36msrc/test/seq/every.test.ts\u001b[39m\u001b[0m\u001b[2m:5:22)\u001b[22m\u001b[2m\u001b[22m\n\n\u001b[1m\u001b[31m  \u001b[1m● \u001b[22m\u001b[1mfalse on once\u001b[39m\u001b[22m\n\n    \u001b[0mExpected value \u001b[0m  \u001b[32mfalse\u001b[39m\n    \u001b[0mReceived:\u001b[0m\n    \u001b[0m\u001b[0m  \u001b[31mtrue\u001b[39m\u001b[0m\u001b[0m\n    \u001b[0m\u001b[0m\n    \u001b[0mMessage:\u001b[0m\n    \u001b[0m  Expected both values to be the same\u001b[0m\n        at new\n\u001b[2m\u001b[22m\n\u001b[2m    \u001b[0m \u001b[90m  8 |\u001b[39m it(\u001b[32m\"false on once\"\u001b[39m\u001b[33m,\u001b[39m () \u001b[33m=>\u001b[39m {\u001b[22m\n\u001b[2m     \u001b[90m  9 |\u001b[39m     \u001b[36mconst\u001b[39m s \u001b[33m=\u001b[39m seqs\u001b[33m.\u001b[39m\u001b[36mof\u001b[39m(\u001b[35m1\u001b[39m)\u001b[33m.\u001b[39mevery(() \u001b[33m=>\u001b[39m \u001b[36mfalse\u001b[39m)\u001b[33m;\u001b[39m\u001b[22m\n\u001b[2m    \u001b[31m\u001b[1m>\u001b[22m\u001b[2m\u001b[39m\u001b[90m 10 |\u001b[39m     expect(s\u001b[33m.\u001b[39mpull())\u001b[33m.\u001b[39mtoBe(\u001b[36mfalse\u001b[39m)\u001b[33m;\u001b[39m\u001b[22m\n\u001b[2m     \u001b[90m    |\u001b[39m                      \u001b[31m\u001b[1m^\u001b[22m\u001b[2m\u001b[39m\u001b[22m\n\u001b[2m     \u001b[90m 11 |\u001b[39m })\u001b[33m;\u001b[39m\u001b[22m\n\u001b[2m     \u001b[90m 12 |\u001b[39m\u001b[22m\n\u001b[2m     \u001b[90m 13 |\u001b[39m it(\u001b[32m\"evaluates\"\u001b[39m\u001b[33m,\u001b[39m () \u001b[33m=>\u001b[39m {\u001b[0m\u001b[22m\n\u001b[2m\u001b[22m\n\u001b[2m      \u001b[2mat BooleanAssertion.toBeSame (\u001b[22m\u001b[2mnode_modules/@assertive-ts/core/src/lib/Assertion.ts\u001b[2m:426:19)\u001b[22m\u001b[2m\u001b[22m\n\u001b[2m      \u001b[2mat BooleanAssertion.toBe (\u001b[22m\u001b[2mnode_modules/@assertive-ts/core/src/lib/Assertion.ts\u001b[2m:482:17)\u001b[22m\u001b[2m\u001b[22m\n\u001b[2m      \u001b[2mat Object.<anonymous> (\u001b[22m\u001b[2m\u001b[0m\u001b[36msrc/test/seq/every.test.ts\u001b[39m\u001b[0m\u001b[2m:10:22)\u001b[22m\u001b[2m\u001b[22m\n\n\u001b[1m\u001b[31m  \u001b[1m● \u001b[22m\u001b[1mevaluates\u001b[39m\u001b[22m\n\n    \u001b[0mExpected value \u001b[0m  \u001b[32mtrue\u001b[39m\n    \u001b[0mReceived:\u001b[0m\n    \u001b[0m\u001b[0m  \u001b[31mfalse\u001b[39m\u001b[0m\u001b[0m\n    \u001b[0m\u001b[0m\n    \u001b[0mMessage:\u001b[0m\n    \u001b[0m  Expected both values to be the same\u001b[0m\n        at new\n\u001b[2m\u001b[22m\n\u001b[2m    \u001b[0m \u001b[90m 13 |\u001b[39m it(\u001b[32m\"evaluates\"\u001b[39m\u001b[33m,\u001b[39m () \u001b[33m=>\u001b[39m {\u001b[22m\n\u001b[2m     \u001b[90m 14 |\u001b[39m     \u001b[36mconst\u001b[39m s \u001b[33m=\u001b[39m seqs\u001b[33m.\u001b[39m\u001b[36mof\u001b[39m(\u001b[35m1\u001b[39m\u001b[33m,\u001b[39m \u001b[35m2\u001b[39m\u001b[33m,\u001b[39m \u001b[35m3\u001b[39m)\u001b[33m.\u001b[39mevery(v \u001b[33m=>\u001b[39m v \u001b[33m<\u001b[39m \u001b[35m4\u001b[39m)\u001b[33m;\u001b[39m\u001b[22m\n\u001b[2m    \u001b[31m\u001b[1m>\u001b[22m\u001b[2m\u001b[39m\u001b[90m 15 |\u001b[39m     expect(s\u001b[33m.\u001b[39mpull())\u001b[33m.\u001b[39mtoBe(\u001b[36mtrue\u001b[39m)\u001b[33m;\u001b[39m\u001b[22m\n\u001b[2m     \u001b[90m    |\u001b[39m                      \u001b[31m\u001b[1m^\u001b[22m\u001b[2m\u001b[39m\u001b[22m\n\u001b[2m     \u001b[90m 16 |\u001b[39m })\u001b[33m;\u001b[39m\u001b[22m\n\u001b[2m     \u001b[90m 17 |\u001b[39m\u001b[0m\u001b[22m\n\u001b[2m\u001b[22m\n\u001b[2m      \u001b[2mat BooleanAssertion.toBeSame (\u001b[22m\u001b[2mnode_modules/@assertive-ts/core/src/lib/Assertion.ts\u001b[2m:426:19)\u001b[22m\u001b[2m\u001b[22m\n\u001b[2m      \u001b[2mat BooleanAssertion.toBe (\u001b[22m\u001b[2mnode_modules/@assertive-ts/core/src/lib/Assertion.ts\u001b[2m:482:17)\u001b[22m\u001b[2m\u001b[22m\n\u001b[2m      \u001b[2mat Object.<anonymous> (\u001b[22m\u001b[2m\u001b[0m\u001b[36msrc/test/seq/every.test.ts\u001b[39m\u001b[0m\u001b[2m:15:22)\u001b[22m\u001b[2m\u001b[22m\n"
    },
    {
      "leaks": false,
      "numFailingTests": 0,
      "numPassingTests": 3,
      "numPendingTests": 0,
      "numTodoTests": 0,
      "openHandles": [],
      "perfStats": {
        "end": 1712936817848,
        "runtime": 4008,
        "slow": false,
        "start": 1712936813840
      },
      "skipped": false,
      "snapshot": {
        "added": 0,
        "fileDeleted": false,
        "matched": 0,
        "unchecked": 0,
        "uncheckedKeys": [],
        "unmatched": 0,
        "updated": 0
      },
      "testFilePath": "C:\\codegr\\lazies\\src\\test\\seq\\ofTypes.test.ts",
      "testResults": [
        {
          "ancestorTitles": [],
          "duration": 34,
          "failureDetails": [],
          "failureMessages": [],
          "fullName": "should filter prototypes",
          "invocations": 1,
          "location": null,
          "numPassingAsserts": 0,
          "retryReasons": [],
          "status": "passed",
          "title": "should filter prototypes"
        },
        {
          "ancestorTitles": [],
          "duration": 1,
          "failureDetails": [],
          "failureMessages": [],
          "fullName": "should do nothing on empty",
          "invocations": 1,
          "location": null,
          "numPassingAsserts": 0,
          "retryReasons": [],
          "status": "passed",
          "title": "should do nothing on empty"
        },
        {
          "ancestorTitles": [],
          "duration": 0,
          "failureDetails": [],
          "failureMessages": [],
          "fullName": "should work with Number objects",
          "invocations": 1,
          "location": null,
          "numPassingAsserts": 0,
          "retryReasons": [],
          "status": "passed",
          "title": "should work with Number objects"
        }
      ],
      "failureMessage": null
    },
    {
      "leaks": false,
      "numFailingTests": 0,
      "numPassingTests": 2,
      "numPendingTests": 0,
      "numTodoTests": 0,
      "openHandles": [],
      "perfStats": {
        "end": 1712936817906,
        "runtime": 144,
        "slow": false,
        "start": 1712936817762
      },
      "skipped": false,
      "snapshot": {
        "added": 0,
        "fileDeleted": false,
        "matched": 0,
        "unchecked": 0,
        "uncheckedKeys": [],
        "unmatched": 0,
        "updated": 0
      },
      "testFilePath": "C:\\codegr\\lazies\\src\\test\\seq\\forEach.test.ts",
      "testResults": [
        {
          "ancestorTitles": [],
          "duration": 2,
          "failureDetails": [],
          "failureMessages": [],
          "fullName": "should not call func on empty",
          "invocations": 1,
          "location": null,
          "numPassingAsserts": 0,
          "retryReasons": [],
          "status": "passed",
          "title": "should not call func on empty"
        },
        {
          "ancestorTitles": [],
          "duration": 1,
          "failureDetails": [],
          "failureMessages": [],
          "fullName": "should call func for each element",
          "invocations": 1,
          "location": null,
          "numPassingAsserts": 0,
          "retryReasons": [],
          "status": "passed",
          "title": "should call func for each element"
        }
      ],
      "failureMessage": null
    },
    {
      "leaks": false,
      "numFailingTests": 0,
      "numPassingTests": 1,
      "numPendingTests": 0,
      "numTodoTests": 0,
      "openHandles": [],
      "perfStats": {
        "end": 1712936817913,
        "runtime": 95,
        "slow": false,
        "start": 1712936817818
      },
      "skipped": false,
      "snapshot": {
        "added": 0,
        "fileDeleted": false,
        "matched": 0,
        "unchecked": 0,
        "uncheckedKeys": [],
        "unmatched": 0,
        "updated": 0
      },
      "testFilePath": "C:\\codegr\\lazies\\src\\test\\seq\\as.test.ts",
      "testResults": [
        {
          "ancestorTitles": [],
          "duration": 2,
          "failureDetails": [],
          "failureMessages": [],
          "fullName": "should do nothing",
          "invocations": 1,
          "location": null,
          "numPassingAsserts": 0,
          "retryReasons": [],
          "status": "passed",
          "title": "should do nothing"
        }
      ],
      "failureMessage": null
    },
    {
      "leaks": false,
      "numFailingTests": 0,
      "numPassingTests": 1,
      "numPendingTests": 0,
      "numTodoTests": 0,
      "openHandles": [],
      "perfStats": {
        "end": 1712936817929,
        "runtime": 75,
        "slow": false,
        "start": 1712936817854
      },
      "skipped": false,
      "snapshot": {
        "added": 0,
        "fileDeleted": false,
        "matched": 0,
        "unchecked": 0,
        "uncheckedKeys": [],
        "unmatched": 0,
        "updated": 0
      },
      "testFilePath": "C:\\codegr\\lazies\\src\\test\\seq\\take.test.ts",
      "testResults": [
        {
          "ancestorTitles": [],
          "duration": 2,
          "failureDetails": [],
          "failureMessages": [],
          "fullName": "should work correctly",
          "invocations": 1,
          "location": null,
          "numPassingAsserts": 0,
          "retryReasons": [],
          "status": "passed",
          "title": "should work correctly"
        }
      ],
      "failureMessage": null
    },
    {
      "leaks": false,
      "numFailingTests": 0,
      "numPassingTests": 2,
      "numPendingTests": 0,
      "numTodoTests": 0,
      "openHandles": [],
      "perfStats": {
        "end": 1712936817981,
        "runtime": 87,
        "slow": false,
        "start": 1712936817894
      },
      "skipped": false,
      "snapshot": {
        "added": 0,
        "fileDeleted": false,
        "matched": 0,
        "unchecked": 0,
        "uncheckedKeys": [],
        "unmatched": 0,
        "updated": 0
      },
      "testFilePath": "C:\\codegr\\lazies\\src\\test\\seq\\index.test.ts",
      "testResults": [
        {
          "ancestorTitles": [],
          "duration": 2,
          "failureDetails": [],
          "failureMessages": [],
          "fullName": "should do nothing on empty",
          "invocations": 1,
          "location": null,
          "numPassingAsserts": 0,
          "retryReasons": [],
          "status": "passed",
          "title": "should do nothing on empty"
        },
        {
          "ancestorTitles": [],
          "duration": 1,
          "failureDetails": [],
          "failureMessages": [],
          "fullName": "should attach index",
          "invocations": 1,
          "location": null,
          "numPassingAsserts": 0,
          "retryReasons": [],
          "status": "passed",
          "title": "should attach index"
        }
      ],
      "failureMessage": null
    },
    {
      "leaks": false,
      "numFailingTests": 0,
      "numPassingTests": 2,
      "numPendingTests": 0,
      "numTodoTests": 0,
      "openHandles": [],
      "perfStats": {
        "end": 1712936818023,
        "runtime": 87,
        "slow": false,
        "start": 1712936817936
      },
      "skipped": false,
      "snapshot": {
        "added": 0,
        "fileDeleted": false,
        "matched": 0,
        "unchecked": 0,
        "uncheckedKeys": [],
        "unmatched": 0,
        "updated": 0
      },
      "testFilePath": "C:\\codegr\\lazies\\src\\test\\seq\\cache.test.ts",
      "testResults": [
        {
          "ancestorTitles": [],
          "duration": 2,
          "failureDetails": [],
          "failureMessages": [],
          "fullName": "should not mess up seq",
          "invocations": 1,
          "location": null,
          "numPassingAsserts": 0,
          "retryReasons": [],
          "status": "passed",
          "title": "should not mess up seq"
        },
        {
          "ancestorTitles": [],
          "duration": 2,
          "failureDetails": [],
          "failureMessages": [],
          "fullName": "should not show side effects",
          "invocations": 1,
          "location": null,
          "numPassingAsserts": 0,
          "retryReasons": [],
          "status": "passed",
          "title": "should not show side effects"
        }
      ],
      "failureMessage": null
    },
    {
      "leaks": false,
      "numFailingTests": 0,
      "numPassingTests": 3,
      "numPendingTests": 0,
      "numTodoTests": 0,
      "openHandles": [],
      "perfStats": {
        "end": 1712936818052,
        "runtime": 89,
        "slow": false,
        "start": 1712936817963
      },
      "skipped": false,
      "snapshot": {
        "added": 0,
        "fileDeleted": false,
        "matched": 0,
        "unchecked": 0,
        "uncheckedKeys": [],
        "unmatched": 0,
        "updated": 0
      },
      "testFilePath": "C:\\codegr\\lazies\\src\\test\\seq\\last.test.ts",
      "testResults": [
        {
          "ancestorTitles": [],
          "duration": 2,
          "failureDetails": [],
          "failureMessages": [],
          "fullName": "should return null for empty",
          "invocations": 1,
          "location": null,
          "numPassingAsserts": 0,
          "retryReasons": [],
          "status": "passed",
          "title": "should return null for empty"
        },
        {
          "ancestorTitles": [],
          "duration": 1,
          "failureDetails": [],
          "failureMessages": [],
          "fullName": "accepts default value",
          "invocations": 1,
          "location": null,
          "numPassingAsserts": 0,
          "retryReasons": [],
          "status": "passed",
          "title": "accepts default value"
        },
        {
          "ancestorTitles": [],
          "duration": 1,
          "failureDetails": [],
          "failureMessages": [],
          "fullName": "should return first element",
          "invocations": 1,
          "location": null,
          "numPassingAsserts": 0,
          "retryReasons": [],
          "status": "passed",
          "title": "should return first element"
        }
      ],
      "failureMessage": null
    },
    {
      "leaks": false,
      "numFailingTests": 0,
      "numPassingTests": 3,
      "numPendingTests": 0,
      "numTodoTests": 0,
      "openHandles": [],
      "perfStats": {
        "end": 1712936818085,
        "runtime": 87,
        "slow": false,
        "start": 1712936817998
      },
      "skipped": false,
      "snapshot": {
        "added": 0,
        "fileDeleted": false,
        "matched": 0,
        "unchecked": 0,
        "uncheckedKeys": [],
        "unmatched": 0,
        "updated": 0
      },
      "testFilePath": "C:\\codegr\\lazies\\src\\test\\seq\\count.test.ts",
      "testResults": [
        {
          "ancestorTitles": [
            "Seq",
            "#count"
          ],
          "duration": 2,
          "failureDetails": [],
          "failureMessages": [],
          "fullName": "Seq #count should return the number of items in the sequence",
          "invocations": 1,
          "location": null,
          "numPassingAsserts": 0,
          "retryReasons": [],
          "status": "passed",
          "title": "should return the number of items in the sequence"
        },
        {
          "ancestorTitles": [
            "Seq",
            "#count"
          ],
          "duration": 0,
          "failureDetails": [],
          "failureMessages": [],
          "fullName": "Seq #count should return 0 for an empty sequence",
          "invocations": 1,
          "location": null,
          "numPassingAsserts": 0,
          "retryReasons": [],
          "status": "passed",
          "title": "should return 0 for an empty sequence"
        },
        {
          "ancestorTitles": [
            "Seq",
            "#count"
          ],
          "duration": 0,
          "failureDetails": [],
          "failureMessages": [],
          "fullName": "Seq #count should count the number of items that satisfy a predicate",
          "invocations": 1,
          "location": null,
          "numPassingAsserts": 0,
          "retryReasons": [],
          "status": "passed",
          "title": "should count the number of items that satisfy a predicate"
        }
      ],
      "failureMessage": null
    },
    {
      "leaks": false,
      "numFailingTests": 0,
      "numPassingTests": 1,
      "numPendingTests": 0,
      "numTodoTests": 0,
      "openHandles": [],
      "perfStats": {
        "end": 1712936818111,
        "runtime": 74,
        "slow": false,
        "start": 1712936818037
      },
      "skipped": false,
      "snapshot": {
        "added": 0,
        "fileDeleted": false,
        "matched": 0,
        "unchecked": 0,
        "uncheckedKeys": [],
        "unmatched": 0,
        "updated": 0
      },
      "testFilePath": "C:\\codegr\\lazies\\src\\test\\seq\\toArray.test.ts",
      "testResults": [
        {
          "ancestorTitles": [],
          "duration": 2,
          "failureDetails": [],
          "failureMessages": [],
          "fullName": "should work correctly",
          "invocations": 1,
          "location": null,
          "numPassingAsserts": 0,
          "retryReasons": [],
          "status": "passed",
          "title": "should work correctly"
        }
      ],
      "failureMessage": null
    },
    {
      "leaks": false,
      "numFailingTests": 0,
      "numPassingTests": 2,
      "numPendingTests": 0,
      "numTodoTests": 0,
      "openHandles": [],
      "perfStats": {
        "end": 1712936818143,
        "runtime": 71,
        "slow": false,
        "start": 1712936818072
      },
      "skipped": false,
      "snapshot": {
        "added": 0,
        "fileDeleted": false,
        "matched": 0,
        "unchecked": 0,
        "uncheckedKeys": [],
        "unmatched": 0,
        "updated": 0
      },
      "testFilePath": "C:\\codegr\\lazies\\src\\test\\seq\\map.test.ts",
      "testResults": [
        {
          "ancestorTitles": [],
          "duration": 2,
          "failureDetails": [],
          "failureMessages": [],
          "fullName": "should leave it empty",
          "invocations": 1,
          "location": null,
          "numPassingAsserts": 0,
          "retryReasons": [],
          "status": "passed",
          "title": "should leave it empty"
        },
        {
          "ancestorTitles": [],
          "duration": 1,
          "failureDetails": [],
          "failureMessages": [],
          "fullName": "should map",
          "invocations": 1,
          "location": null,
          "numPassingAsserts": 0,
          "retryReasons": [],
          "status": "passed",
          "title": "should map"
        }
      ],
      "failureMessage": null
    },
    {
      "leaks": false,
      "numFailingTests": 0,
      "numPassingTests": 1,
      "numPendingTests": 0,
      "numTodoTests": 0,
      "openHandles": [],
      "perfStats": {
        "end": 1712936818160,
        "runtime": 55,
        "slow": false,
        "start": 1712936818105
      },
      "skipped": false,
      "snapshot": {
        "added": 0,
        "fileDeleted": false,
        "matched": 0,
        "unchecked": 0,
        "uncheckedKeys": [],
        "unmatched": 0,
        "updated": 0
      },
      "testFilePath": "C:\\codegr\\lazies\\src\\test\\seq\\zip.test.ts",
      "testResults": [
        {
          "ancestorTitles": [],
          "duration": 1,
          "failureDetails": [],
          "failureMessages": [],
          "fullName": "should work correctly",
          "invocations": 1,
          "location": null,
          "numPassingAsserts": 1,
          "retryReasons": [],
          "status": "passed",
          "title": "should work correctly"
        }
      ],
      "failureMessage": null
    },
    {
      "leaks": false,
      "numFailingTests": 0,
      "numPassingTests": 2,
      "numPendingTests": 0,
      "numTodoTests": 0,
      "openHandles": [],
      "perfStats": {
        "end": 1712936818201,
        "runtime": 70,
        "slow": false,
        "start": 1712936818131
      },
      "skipped": false,
      "snapshot": {
        "added": 0,
        "fileDeleted": false,
        "matched": 0,
        "unchecked": 0,
        "uncheckedKeys": [],
        "unmatched": 0,
        "updated": 0
      },
      "testFilePath": "C:\\codegr\\lazies\\src\\test\\seq\\skip.test.ts",
      "testResults": [
        {
          "ancestorTitles": [],
          "duration": 2,
          "failureDetails": [],
          "failureMessages": [],
          "fullName": "should do nothing on empty",
          "invocations": 1,
          "location": null,
          "numPassingAsserts": 0,
          "retryReasons": [],
          "status": "passed",
          "title": "should do nothing on empty"
        },
        {
          "ancestorTitles": [],
          "duration": 1,
          "failureDetails": [],
          "failureMessages": [],
          "fullName": "should skip",
          "invocations": 1,
          "location": null,
          "numPassingAsserts": 0,
          "retryReasons": [],
          "status": "passed",
          "title": "should skip"
        }
      ],
      "failureMessage": null
    },
    {
      "leaks": false,
      "numFailingTests": 0,
      "numPassingTests": 1,
      "numPendingTests": 0,
      "numTodoTests": 0,
      "openHandles": [],
      "perfStats": {
        "end": 1712936818208,
        "runtime": 55,
        "slow": false,
        "start": 1712936818153
      },
      "skipped": false,
      "snapshot": {
        "added": 0,
        "fileDeleted": false,
        "matched": 0,
        "unchecked": 0,
        "uncheckedKeys": [],
        "unmatched": 0,
        "updated": 0
      },
      "testFilePath": "C:\\codegr\\lazies\\src\\test\\seq\\toSet.test.ts",
      "testResults": [
        {
          "ancestorTitles": [],
          "duration": 1,
          "failureDetails": [],
          "failureMessages": [],
          "fullName": "should work correctly",
          "invocations": 1,
          "location": null,
          "numPassingAsserts": 1,
          "retryReasons": [],
          "status": "passed",
          "title": "should work correctly"
        }
      ],
      "failureMessage": null
    },
    {
      "leaks": false,
      "numFailingTests": 0,
      "numPassingTests": 1,
      "numPendingTests": 0,
      "numTodoTests": 0,
      "openHandles": [],
      "perfStats": {
        "end": 1712936818229,
        "runtime": 52,
        "slow": false,
        "start": 1712936818177
      },
      "skipped": false,
      "snapshot": {
        "added": 0,
        "fileDeleted": false,
        "matched": 0,
        "unchecked": 0,
        "uncheckedKeys": [],
        "unmatched": 0,
        "updated": 0
      },
      "testFilePath": "C:\\codegr\\lazies\\src\\test\\seq\\excludeAs.test.ts",
      "testResults": [
        {
          "ancestorTitles": [],
          "duration": 1,
          "failureDetails": [],
          "failureMessages": [],
          "fullName": "should work correctly",
          "invocations": 1,
          "location": null,
          "numPassingAsserts": 1,
          "retryReasons": [],
          "status": "passed",
          "title": "should work correctly"
        }
      ],
      "failureMessage": null
    },
    {
      "leaks": false,
      "numFailingTests": 0,
      "numPassingTests": 1,
      "numPendingTests": 0,
      "numTodoTests": 0,
      "openHandles": [],
      "perfStats": {
        "end": 1712936818241,
        "runtime": 51,
        "slow": false,
        "start": 1712936818190
      },
      "skipped": false,
      "snapshot": {
        "added": 0,
        "fileDeleted": false,
        "matched": 0,
        "unchecked": 0,
        "uncheckedKeys": [],
        "unmatched": 0,
        "updated": 0
      },
      "testFilePath": "C:\\codegr\\lazies\\src\\test\\seq\\toObject.test.ts",
      "testResults": [
        {
          "ancestorTitles": [],
          "duration": 1,
          "failureDetails": [],
          "failureMessages": [],
          "fullName": "should work correctly",
          "invocations": 1,
          "location": null,
          "numPassingAsserts": 1,
          "retryReasons": [],
          "status": "passed",
          "title": "should work correctly"
        }
      ],
      "failureMessage": null
    },
    {
      "leaks": false,
      "numFailingTests": 0,
      "numPassingTests": 1,
      "numPendingTests": 0,
      "numTodoTests": 0,
      "openHandles": [],
      "perfStats": {
        "end": 1712936818271,
        "runtime": 51,
        "slow": false,
        "start": 1712936818220
      },
      "skipped": false,
      "snapshot": {
        "added": 0,
        "fileDeleted": false,
        "matched": 0,
        "unchecked": 0,
        "uncheckedKeys": [],
        "unmatched": 0,
        "updated": 0
      },
      "testFilePath": "C:\\codegr\\lazies\\src\\test\\seq\\filterAs.test.ts",
      "testResults": [
        {
          "ancestorTitles": [],
          "duration": 1,
          "failureDetails": [],
          "failureMessages": [],
          "fullName": "should work correctly",
          "invocations": 1,
          "location": null,
          "numPassingAsserts": 1,
          "retryReasons": [],
          "status": "passed",
          "title": "should work correctly"
        }
      ],
      "failureMessage": null
    },
    {
      "failureMessage": "  \u001b[1m● \u001b[22mTest suite failed to run\n\n    Your test suite must contain at least one test.\n\n      \u001b[2mat onResult (\u001b[22mnode_modules/@jest/core/build/TestScheduler.js\u001b[2m:133:18)\u001b[22m\n      \u001b[2mat \u001b[22mnode_modules/@jest/core/build/TestScheduler.js\u001b[2m:254:19\u001b[22m\n      \u001b[2mat \u001b[22mnode_modules/emittery/index.js\u001b[2m:363:13\u001b[22m\n          at Array.map (<anonymous>)\n      \u001b[2mat Emittery.emit (\u001b[22mnode_modules/emittery/index.js\u001b[2m:361:23)\u001b[22m\n",
      "leaks": false,
      "numFailingTests": 0,
      "numPassingTests": 0,
      "numPendingTests": 0,
      "numTodoTests": 0,
      "openHandles": [],
      "perfStats": {
        "end": 0,
        "runtime": 0,
        "slow": false,
        "start": 0
      },
      "skipped": false,
      "snapshot": {
        "added": 0,
        "fileDeleted": false,
        "matched": 0,
        "unchecked": 0,
        "uncheckedKeys": [],
        "unmatched": 0,
        "updated": 0
      },
      "testExecError": {
        "message": "Your test suite must contain at least one test.",
        "stack": "Error: Your test suite must contain at least one test.\n    at onResult (C:\\codegr\\lazies\\node_modules\\@jest\\core\\build\\TestScheduler.js:133:18)\n    at C:\\codegr\\lazies\\node_modules\\@jest\\core\\build\\TestScheduler.js:254:19\n    at C:\\codegr\\lazies\\node_modules\\emittery\\index.js:363:13\n    at Array.map (<anonymous>)\n    at Emittery.emit (C:\\codegr\\lazies\\node_modules\\emittery\\index.js:361:23)\n    at process.processTicksAndRejections (node:internal/process/task_queues:95:5)"
      },
      "testFilePath": "C:\\codegr\\lazies\\src\\test\\seq\\some.test.ts",
      "testResults": []
    },
    {
      "failureMessage": "  \u001b[1m● \u001b[22mTest suite failed to run\n\n    \u001b[96msrc/test/seq/from.test.ts\u001b[0m:\u001b[93m2\u001b[0m:\u001b[93m24\u001b[0m - \u001b[91merror\u001b[0m\u001b[90m TS2307: \u001b[0mCannot find module 'earl' or its corresponding type declarations.\n\n    \u001b[7m2\u001b[0m import { expect } from \"earl\";\n    \u001b[7m \u001b[0m \u001b[91m                       ~~~~~~\u001b[0m\n",
      "leaks": false,
      "numFailingTests": 0,
      "numPassingTests": 0,
      "numPendingTests": 0,
      "numTodoTests": 0,
      "openHandles": [],
      "perfStats": {
        "end": 0,
        "runtime": 0,
        "slow": false,
        "start": 0
      },
      "skipped": false,
      "snapshot": {
        "added": 0,
        "fileDeleted": false,
        "matched": 0,
        "unchecked": 0,
        "uncheckedKeys": [],
        "unmatched": 0,
        "updated": 0
      },
      "testExecError": "\u001b[96msrc/test/seq/from.test.ts\u001b[0m:\u001b[93m2\u001b[0m:\u001b[93m24\u001b[0m - \u001b[91merror\u001b[0m\u001b[90m TS2307: \u001b[0mCannot find module 'earl' or its corresponding type declarations.\n\n\u001b[7m2\u001b[0m import { expect } from \"earl\";\n\u001b[7m \u001b[0m \u001b[91m                       ~~~~~~\u001b[0m",
      "testFilePath": "C:\\codegr\\lazies\\src\\test\\seq\\from.test.ts",
      "testResults": []
    }
  ],
  "wasInterrupted": false
}